<?xml version="1.0" encoding="UTF-8"?>
<testsuite name="application.model.rules.hrot.HROTTest" tests="8" skipped="0" failures="0" errors="0" timestamp="2021-05-28T13:30:57" hostname="LAPTOP-6TGQS808" time="5.954">
  <properties/>
  <testcase name="testSimulation()" classname="application.model.rules.hrot.HROTTest" time="0.549"/>
  <testcase name="testRuleRange()" classname="application.model.rules.hrot.HROTTest" time="0.052"/>
  <testcase name="testClone()" classname="application.model.rules.hrot.HROTTest" time="0.001"/>
  <testcase name="testGenerateComments()" classname="application.model.rules.hrot.HROTTest" time="0.077"/>
  <testcase name="testCanonise()" classname="application.model.rules.hrot.HROTTest" time="0.003"/>
  <testcase name="testFromRulestring()" classname="application.model.rules.hrot.HROTTest" time="0.002"/>
  <testcase name="testGenerateApgtable()" classname="application.model.rules.hrot.HROTTest" time="5.257"/>
  <testcase name="testLoadComments()" classname="application.model.rules.hrot.HROTTest" time="0.007"/>
  <system-out><![CDATA[]]></system-out>
  <system-err><![CDATA[May 28, 2021 9:31:02 PM application.model.rules.ruleloader.ruletree.RuleTreeGen getRuleTree
INFO: Rule tree generation took 4882 ms
]]></system-err>
</testsuite>
