<?xml version="1.0" encoding="UTF-8"?>
<testsuite name="application.model.rules.rules.DeficientINTTest" tests="3" skipped="0" failures="0" errors="0" timestamp="2021-05-28T13:30:44" hostname="LAPTOP-6TGQS808" time="2.312">
  <properties/>
  <testcase name="testSimulation()" classname="application.model.rules.rules.DeficientINTTest" time="1.577"/>
  <testcase name="testClone()" classname="application.model.rules.rules.DeficientINTTest" time="0.28"/>
  <testcase name="testCanonise()" classname="application.model.rules.rules.DeficientINTTest" time="0.452"/>
  <system-out><![CDATA[]]></system-out>
  <system-err><![CDATA[]]></system-err>
</testsuite>
