<?xml version="1.0" encoding="UTF-8"?>
<testsuite name="application.model.rules.rules.INTGenerationsTest" tests="4" skipped="0" failures="0" errors="0" timestamp="2021-05-31T01:45:17" hostname="LAPTOP-6TGQS808" time="5.225">
  <properties/>
  <testcase name="testSimulation()" classname="application.model.rules.rules.INTGenerationsTest" time="1.253"/>
  <testcase name="testRuleRange()" classname="application.model.rules.rules.INTGenerationsTest" time="2.964"/>
  <testcase name="testClone()" classname="application.model.rules.rules.INTGenerationsTest" time="0.18"/>
  <testcase name="testCanonise()" classname="application.model.rules.rules.INTGenerationsTest" time="0.824"/>
  <system-out><![CDATA[]]></system-out>
  <system-err><![CDATA[]]></system-err>
</testsuite>
