<?xml version="1.0" encoding="UTF-8"?>
<testsuite name="application.model.rules.hrot.HROTGenerationsTest" tests="8" skipped="0" failures="0" errors="0" timestamp="2021-05-31T01:45:07" hostname="LAPTOP-6TGQS808" time="3.607">
  <properties/>
  <testcase name="testSimulation()" classname="application.model.rules.hrot.HROTGenerationsTest" time="0.895"/>
  <testcase name="testRuleRange()" classname="application.model.rules.hrot.HROTGenerationsTest" time="0.132"/>
  <testcase name="testClone()" classname="application.model.rules.hrot.HROTGenerationsTest" time="0.002"/>
  <testcase name="testGenerateComments()" classname="application.model.rules.hrot.HROTGenerationsTest" time="0.013"/>
  <testcase name="testCanonise()" classname="application.model.rules.hrot.HROTGenerationsTest" time="0.004"/>
  <testcase name="testFromRulestring()" classname="application.model.rules.hrot.HROTGenerationsTest" time="0.004"/>
  <testcase name="testGenerateApgtable()" classname="application.model.rules.hrot.HROTGenerationsTest" time="2.541"/>
  <testcase name="testLoadComments()" classname="application.model.rules.hrot.HROTGenerationsTest" time="0.009"/>
  <system-out><![CDATA[]]></system-out>
  <system-err><![CDATA[]]></system-err>
</testsuite>
