<?xml version="1.0" encoding="UTF-8"?>
<testsuite name="application.model.rules.ruleloader.RuleLoaderTest" tests="1" skipped="0" failures="0" errors="0" timestamp="2021-05-29T14:11:32" hostname="LAPTOP-6TGQS808" time="5.587">
  <properties/>
  <testcase name="testSimulation()" classname="application.model.rules.ruleloader.RuleLoaderTest" time="5.587"/>
  <system-out><![CDATA[]]></system-out>
  <system-err><![CDATA[May 29, 2021 10:11:35 PM application.model.rules.ruleloader.RuleLoader fromRulestring
WARNING: Unknown directive @NAMES found
May 29, 2021 10:11:35 PM application.model.rules.ruleloader.RuleLoader fromRulestring
WARNING: Unknown directive @ICONS found
]]></system-err>
</testsuite>
