<?xml version="1.0" encoding="UTF-8"?>
<testsuite name="application.model.rules.rules.INTGenerationsTest" tests="4" skipped="0" failures="0" errors="0" timestamp="2021-05-28T13:30:46" hostname="LAPTOP-6TGQS808" time="5.784">
  <properties/>
  <testcase name="testSimulation()" classname="application.model.rules.rules.INTGenerationsTest" time="1.677"/>
  <testcase name="testRuleRange()" classname="application.model.rules.rules.INTGenerationsTest" time="3.173"/>
  <testcase name="testClone()" classname="application.model.rules.rules.INTGenerationsTest" time="0.149"/>
  <testcase name="testCanonise()" classname="application.model.rules.rules.INTGenerationsTest" time="0.782"/>
  <system-out><![CDATA[]]></system-out>
  <system-err><![CDATA[]]></system-err>
</testsuite>
