<?xml version="1.0" encoding="UTF-8"?>
<testsuite name="application.model.rules.rules.INTTest" tests="4" skipped="0" failures="0" errors="0" timestamp="2021-05-28T13:30:52" hostname="LAPTOP-6TGQS808" time="4.943">
  <properties/>
  <testcase name="testSimulation()" classname="application.model.rules.rules.INTTest" time="0.804"/>
  <testcase name="testRuleRange()" classname="application.model.rules.rules.INTTest" time="3.142"/>
  <testcase name="testClone()" classname="application.model.rules.rules.INTTest" time="0.132"/>
  <testcase name="testCanonise()" classname="application.model.rules.rules.INTTest" time="0.86"/>
  <system-out><![CDATA[]]></system-out>
  <system-err><![CDATA[]]></system-err>
</testsuite>
