<?xml version="1.0" encoding="UTF-8"?>
<testsuite name="application.model.rules.rules.INTTest" tests="4" skipped="0" failures="0" errors="0" timestamp="2021-05-29T14:11:45" hostname="LAPTOP-6TGQS808" time="6.527">
  <properties/>
  <testcase name="testSimulation()" classname="application.model.rules.rules.INTTest" time="0.936"/>
  <testcase name="testRuleRange()" classname="application.model.rules.rules.INTTest" time="4.494"/>
  <testcase name="testClone()" classname="application.model.rules.rules.INTTest" time="0.18"/>
  <testcase name="testCanonise()" classname="application.model.rules.rules.INTTest" time="0.912"/>
  <system-out><![CDATA[bo3b$3o2b$o2bob$3b2o$2b2o! 1298124326
3o2b$o4b$o3bo$bo2bo$2b3o! -1563472391
2bo4b$b2o4b$2o2bo2b$b2o4b$2b2ob2o$3b3ob$4bo! 2103933388
b2o4b$ob2o3b$o2bo3b$o3b2ob$bo3b2o$2bo3bo$3b3o! 1214043488
2b3o3b$bo2bo3b$2obo4b$b3o2b2o$2bob2obo$3b2o2bo$4b3ob$5bo! 332564416
3bo5b$2b3o4b$o3bo4b$o3b2o3b$o4b3ob$bo5b2o$7bob$3bo5b$4b3o! 1923824265
3b3o4b$3bobo4b$2bo7b$3o2bo4b$b2o2b2ob2o$9bo$3bo4b2o$5b3o2b$5b2o3b$6bo! 1897114954
4bo6b$3bobo5b$2bo2bo5b$3b2o6b$o2bob2o4b$obo2b2ob2ob$2bobo2bo2bo$6b2obob$4b2o2bo2b$11b$5b2o! -91334013
3bo6b$2bobo5b$bo2bo5b$2o3bo4b$2o3b2o3b$bo5b2ob$obo6bo$2b2o4bob$4b4o2b$3bob2o! -816384586
3bo6b$2bobo5b$ob4o4b$2bobobo3b$2bo2bobo2b$2bo3b3ob$3bo3bobo$b2ob5ob$2bo7b$7bo! 997666268
2bo6b$2o2bo4b$bo7b$bo3bo3b$2o2bo2bob$b3o5b$ob2o4bo$o2b5ob$3obo2bo! 1587539745
2bo7b$bobo6b$2b2o6b$2b2o6b$bo2b2o4b$5bo4b$bo4b3ob$2o4b2obo$b3obo2bob$2bo! -1748177620
2bo7b$bobo6b$bo2bo5b$bo8b$2b2obo4b$4bo2bo2b$2o3bo2bob$o4bo3bo$o2bo2b3ob$b3o! -784620880
3bo7b$2bobo6b$b2o8b$2bob2o5b$3b3o5b$2b6o3b$b2o2b3obob$2obob2o3bo$bo2b2ob3ob$2b3o3bo2b$3bo! 435045654
3bo7b$bo9b$b2ob2o5b$bo3bo5b$11b$bo5b2o2b$o7bo2b$o2bo6bo$o7bo2b$5bob3ob$2b3o! -701707535
2bob2o5b$b3ob2o4b$2b2ob2o4b$7bo3b$8b2ob$b3o4b3o$3o7bo$5bo2b2ob$2bob2o2b3o$4b2o3bob$4bo! 308987308
b2ob3o4b$bo9b$bobobobo3b$6b3o2b$2bo4bo2bo$o2bo4bobo$o2b2o5bo$2b4o2bo2b$3bo2bo3bo$8b3o$4b2o! 1675924625
5bo6b$b2o2bo6b$2obo8b$2bo4b2o3b$2bo5bo3b$6bo5b$b2obo5b2o$bo3bo6b$2bo6bo2b$2b2obob2obob$4b2o3b2ob$9bo! 1181710690
3obo6b$o2bo2bo4b$2b2o3b2o2b$8bo2b$b3o5bob$b2o2bo5b$bobo6bo$bob2obob2ob$2bo2b2obobo$3b4o3bo$9b2o! -2080999896
bo10b$4o8b$o3bo2bo4b$2b2o4bo3b$bo5bobo2b$bobo8b$o3bo7b$2o3bo3bo2b$bo4bobobob$2bo5bobob$3b2ob2o2b2o$4b2o3b2o! -1469068096
2o10b$ob2o8b$o3bo7b$b3o3b2o3b$bobo4bo3b$3o9b$obobo7b$2o3bo3bo2b$obo4b2obob$2b2ob2obobob$4bob3o2bo$3b4o2b3o! -494580550
b3o9b$2ob2o8b$bo3bo7b$bo3bo2b2o3b$4bo3b2o3b$bo11b$o2b2o8b$2ob2o4b2o2b$bo2b3obo2bob$2b2ob2o4b2o$3bo8bo$4b2obob4o$5b2o4bo! 1613824522
2bo11b$2ob2o9b$o2bo10b$bo3bo8b$4b2o2b2o4b$8b2o4b$3b2o9b$o2b2o9b$2o7b2o3b$o5b2obo2bob$6b2o3b2ob$2bo10bo$5bo4bobob$4b3o4b2o! -1645905312
2b3o10b$bo3bo9b$bo2bo10b$6bo8b$5b2o2b2o4b$4bobo2b2o4b$4b2o9b$b5o9b$3o3bo2b3o3b$b2o4b2obo2bob$2bo4b3o2bobo$7bo6bo$4b4o6bo$5b3o4b2ob$6bo! -1688735771
3bo12b$2b3o11b$bo3bo10b$5bo10b$6bo9b$6b2ob2o5b$4bobo2b2o5b$2bo3bo9b$o5bo3bo5b$o3b8o4b$o2bo2bo5b2o2b$b2o3bo2bo4bob$3bobo8b2o$4bo3bo5bob$4bo8bo2b$5b3o! 420613886
3b3o11b$4bo12b$3b2obo10b$6b2o9b$6bobo8b$7b5o5b$7bob3o5b$7b2ob2o5b$2bobo4bob2o4b$3o2bo3b3obo3b$bob3o6b3o2b$2b6o8bo$3b4obo5b3o$4b3o7bobo$5bob2o8b$6b2o9b$7bo! -49832092
4bo13b$3b3o12b$18b$3b2ob2o10b$6bo11b$6bo3bo7b$6bo4bo6b$6bo5bo5b$7bo10b$2b2o2bo11b$o4bo3bo4bo3b$o7bob5o3b$7bo8bob$2bo11bob2o$3bo4bo5bobob$4bo3bo9b$18b$6b2o! -2038557814
2b3o12b$2b3o12b$5bo11b$4b3o10b$5bo11b$4b3o10b$4b3o3bo6b$5b2o10b$5b2o10b$5bobo9b$o5bob4obo3b$5bob8o2b$o9b2obob2o$15b2o$2bo12b2o$17b$4bobo! -1299135089
2bo14b$bobo13b$bo2bo12b$5bo11b$3bobo11b$17b$17b$6bo10b$6bo10b$3bo2bo10b$4bob4o7b$4bo7b2o3b$5b2o7bo2b$7bo4bo2bob$o15bo$14b2ob$2bo! 1685164985
bo14b$obo13b$bobo12b$bo2bo11b$3bo12b$16b$16b$16b$4b3o9b$5bobo8b$2b2ob3o8b$3bo3bo4bo3b$4b2o5bobo2b$5bo8bob$12b2obo$o13bo! -1867864250
bo14b$obo13b$2obo12b$3b2o11b$16b$16b$16b$5bo10b$4b3o9b$3bo3bo8b$2b2obob2o7b$2bo4bo4bo3b$5b2o5b2o2b$4b2o8bob$13bobo$13b2o! 551037694
bo14b$obo13b$2o2bo11b$2b3o11b$16b$16b$16b$4b3o9b$5bo10b$2bo5bo7b$2b3o2b2o7b$2b4o2bo3b2o2b$3b3o6bo3b$4b3o5bobob$13bobo$13b2o! -279392450
bo14b$obo13b$o3bo11b$b4o11b$3bo12b$16b$5bo10b$4b3o9b$3b5o8b$2bobob3o7b$bo3bob3o6b$6b3o3b2o2b$2bo4bo3b2o3b$3bo2bo5bobob$5bo6bo2bo$13b2o! -365852812
bo14b$o15b$o3bo11b$b2obo11b$3b2o11b$4bo11b$4b3o9b$3bo3bo8b$8bo7b$2bo6bo6b$5bo3bo6b$9b5o2b$8bo2bo4b$6bo5bo3b$12bo2bo$13b2o! 360440592
2o13b$o2bo11b$b2ob2o9b$2bob2o9b$15b$3bob2o8b$4b4o7b$8bo6b$8b2o5b$8b2ob2o2b$8bo2b2o2b$9bo3bob$11b2o2b$12bobo$13b2o! 583705202
2o13b$o2b2o10b$5bo9b$b2ob2o9b$3bo2bo8b$7bo7b$4bo10b$5b2o2bo5b$7bo2bo4b$7bo3b2o2b$8bo2bobob$10bo2bob$11bo3b$11bo2bo$13b2o! 1718898674
2o13b$2o2bo10b$b2o2bo9b$2b2o2bo8b$2b5o8b$5bo9b$5b2obo6b$5b2o8b$7b2ob2o3b$7b4obo2b$10bo2bob$10b2o3b$10b3o2b$12b3o$13b2o! -1168697189
2o13b$15b$o3b2o9b$6bo8b$2bo3bo8b$3bo3bo7b$4bo2bo7b$5bo2b2o5b$10b2o3b$7bo4bo2b$8bo3bo2b$9bo5b$10bo4b$14bo$12bobo! 1717563122
2o12b$5bo8b$bobo2bo7b$6b2o6b$3bob3o6b$4bob2o6b$8b3o3b$6bob4o2b$9bo2bob$8bo5b$9bobo2b$14b$11bobo$13bo! 34107406
3o10b$5bobo5b$2bobo8b$4bo3bo4b$4bo4bo3b$5b2o4bob$7bo5b$7bo3bob$8b3o2b$13b$10bobo$12bo$12bo! 711192366
o12b$o12b$b2o10b$2b3o8b$3b2o8b$3bo2bo6b$4b2obo5b$6bo6b$6bob2o3b$7b3o3b$9b2o2b$10bo2b$11b2o! -222257042
o11b$2bo9b$bo2bo7b$5bo6b$3bo2bo5b$4b2obo4b$6bobo3b$6bo2bo2b$7bo4b$10bob$9bo2b$11bo! -1763105374
o9b$10b$bob2o5b$5bo4b$3b2obo3b$5bobo2b$5bobo2b$10b$7bo2b$9bo! -1934179398
2bo3b$o2bo2b$2bobob$3bobo$6b$4bo! 206106188
3ob$bobo$2b2o$3bo! -1653483230
3b2o3b$2b4o2b$b5o2b$bob2obob$ob3o3b$b4o3b$b3obo2b$2b3o3b$o2b3o2b$4b2obo$2bo2b2ob$4b4o$4b4o$5b2o! 1382837017
3b2o4b$2b4o3b$2b5o2b$o2b2o4b$ob3o4b$6o3b$b3obo3b$ob3obo2b$bob3o3b$b2ob2o3b$5b2obo$3b5ob$4b4ob$5b2o! 1692101748
4b2o4b$3b4o3b$2b5o3b$4b2o4b$o2b3o4b$2b4o4b$ob3o2bo2b$bob3obo2b$bo2b4o2b$2bo2b2obob$3bo2b2o2b$5b5o$5b4ob$6b2o! 1214814366
5b2o3b$4b4o2b$4b4o2b$2bo2b2o3b$2bob4o2b$2ob5o2b$3b3o4b$bo2b3o2bo$5b3obo$2bobob2obo$3bo3b2ob$5b5o$6b4o$7b2o! -968829583
4b2o4b$3b4o3b$2b5o3b$4b2obo2b$3b4o3b$2b4o4b$ob3o2bo2b$bob3o4b$3ob3o2bo$2bo2b2o3b$b3o2b2obo$3bob4ob$5b4ob$6b2o! -715207515
5b2o5b$4b4o4b$4b5o3b$5b2obo3b$4b3obo3b$3b4obo3b$3b3o6b$obob3ob2o2b$5b3o4b$3bo2b2ob3o$7b2o3b$6b5ob$6b4o2b$7b2o! 300380714
4b2o3b$3b4o2b$3b4o2b$2bob2o2bo$3b3o2bo$2b4o3b$5o2bob$o2b3o3b$2o2b3o2b$3bob2o2b$4bob2ob$5b4o$5b4o$6b2o! -557738743
5b2o3b$4b4o2b$3b6ob$3bob2obob$2bob4o2b$3b7o$bob3o4b$o3b3obob$bo3b3o2b$3b2ob2o2b$4bo2b2ob$5b5o$6b4o$7b2o! -283858750
5b2o3b$4b4o2b$4b4o2b$2bo2b2o3b$2bob4o2b$bob4o3b$ob4o4b$3ob3o3b$obo2b4ob$2bo3b2o2b$7b2ob$4bob4o$6b4o$7b2o! 1454299624
6b2o3b$5b4o2b$4b5o2b$6b2obob$2bo2b3o3b$bo2b4o3b$3b4obo2b$obo2b3o3b$6b3o2b$7b2obo$4bobob2ob$6b5o$7b4o$8b2o! 1773207049
6b2o4b$5b4o3b$5b5o2b$3bo2b2o4b$bobob3o4b$2bob5o3b$obob3obo3b$bobob3obo2b$bo4b3o3b$5bob2o3b$5bo2b2obo$7b4ob$7b4ob$8b2o! -991019478
6b2o4b$5b4o3b$4b5o3b$6b2o4b$5b3o4b$o3b4o4b$4b3o2bo2b$o2bob3obo2b$4bob4o2b$7b2obob$8b2o2b$6b6o$7b4ob$8b2o! 922060261
7b2o3b$6b4o2b$6b4o2b$7b2o3b$6b4o2b$5b5o2b$3ob4o4b$4bob3o2bo$4b2ob3obo$6bob2obo$9b2ob$8b4o$8b4o$9b2o! 1328999615
6b2o4b$5b4o3b$5b4o3b$4bob2obo2b$5b4o3b$obob4o4b$2bob3o2bo2b$o4b3o4b$3bo2b3o2bo$4b2ob2o3b$6bob2obo$7b4ob$7b4ob$8b2o! 1973271449
7b2o5b$6b4o4b$5b6o3b$5bob2obo3b$2bobob3obo3b$2bo2b4obo3b$2o3b3o6b$2b2o2b3ob2o2b$7b3o4b$4bo3b2ob3o$6bo2b2o3b$7b6ob$8b4o2b$9b2o! 185120560
6b2o3b$5b4o2b$5b4o2b$2b2o2b2o2bo$2b2ob3o2bo$3b5o3b$3b4o2bob$o2bob3o3b$2b3ob3o2b$4b2ob2o2b$4bo3b2ob$5bob4o$7b4o$8b2o! -145910814
5b2o3b$4b4o2b$3b6ob$5b2obob$b2ob4o2b$2b8o$bob3o4b$obob3obob$o2bob3o2b$6b2o2b$7b2ob$3bob5o$6b4o$7b2o! 639726547
5b2o3b$4b4o2b$4b4o2b$2bo2b2o3b$4b4o2b$ob5o3b$o2b3o4b$4b3o3b$2b2ob4ob$4bob2o2b$4bo2b2ob$4bob4o$4bob4o$7b2o! -1828289707
4b2o3b$3b4o2b$2b5o2b$4b2obob$2ob3o3b$ob4o3b$2b3obo2b$o2b3o3b$4b3o2b$5b2obo$2bo3b2ob$2bo2b4o$5b4o$4bob2o! 624138437
5b2o4b$4b4o3b$4b5o2b$2bo2b2o4b$bo2b3o4b$3b5o3b$2ob3obo3b$2bob3obo2b$5b3o3b$4bob2o3b$5bob2obo$6b4ob$4b6ob$7b2o2b$6bo! 1956715614
4b2o4b$3b4o3b$2b5o3b$o3b2o4b$bob3o4b$ob4o4b$2b3o2bo2b$2ob3obo2b$2bob4o2b$3bob2obob$3bo2b2o2b$5b5o$5b4ob$6b2o2b$6bo! -1302589881
5b2o3b$4b4o2b$2bob4o2b$2bo2b2o3b$2o2b4o2b$3b5o2b$2ob3o4b$4b3o2bo$2bo2b3obo$3bo2b2obo$7b2ob$5b5o$6b4o$7b2o! -1135892231
6b2o4b$5b4o3b$5b4o3b$6b2obo2b$3bob4o3b$o3b4o4b$3b4o2bo2b$2bo2b3o4b$4bob3o2bo$3bobob2o3b$5bo2b2obo$7b4ob$7b4ob$8b2o! -969479735
5b2o5b$4b4o4b$4b5o3b$3bob2obo3b$4b3obo3b$bob4obo3b$2ob3o6b$4b3ob2o2b$b2o2b3o4b$6b2ob3o$7b2o3b$5b6ob$6b4o2b$7b2o! 1820021742
4b2o3b$3b4o2b$2b5o2b$2bob2o2bo$bob3o2bo$2b4o3b$ob3o2bob$3b3o3b$2bob3o2b$5b2o2b$6b2ob$5b4o$5b4o$6b2o! 841128402
4b2o3b$3b4o2b$3b5ob$bo2b2obob$bob4o2b$ob7o$b4o4b$bob3obob$4b3o2b$3bob2o2b$4bob2ob$5b4o$5b4o$6b2o! 285246028
4b2o3b$3b4o2b$2b5o2b$4b2o3b$o2b4o2b$ob4o3b$ob3o4b$3b3o3b$2bob4ob$3bob2o2b$3bo2b2ob$4b5o$5b4o$6b2o! 1173364552
5b2o3b$4b4o2b$4b4o2b$2bo2b2obob$4b3o3b$o2b4o3b$3b3obo2b$2bob3o3b$3bob3o2b$3bo2b2obo$7b2ob$4bob4o$6b4o$7b2o! -323691442
4b2o4b$3b4o3b$2b6o2b$4b2o4b$2ob3o4b$2b5o3b$5obo3b$bob3obo2b$bo2b3o3b$5b2o3b$2b3ob2obo$4b5ob$5b4ob$6b2o! 807053600
5b2o4b$4b4o3b$4b4o3b$2bo2b2o4b$4b3o4b$o2b4o4b$3b3o2bo2b$4b3obo2b$5b4o2b$2b2o2b2obob$7b2o2b$6b5o$6b4ob$7b2o! 405463904
4b2o3b$3b4o2b$2b5o2b$4b2o3b$2ob4o2b$2b5o2b$2b3o4b$3b3o2bo$2bob3obo$3bob2obo$4bob2ob$5b4o$5b4o$6b2o! -1893908429
3b2o4b$2b4o3b$2b4o3b$o2b2obo2b$2b4o3b$b4o4b$b3o2bo2b$ob3o4b$bob3o2bo$bo2b2o3b$2bo2b2obo$3b5ob$4b4ob$5b2o! 1942037356
3b2o5b$2b4o4b$b6o3b$3b2obo3b$ob3obo3b$b4obo3b$4o6b$ob3ob2o2b$o2b3o4b$4b2ob3o$bo3b2o3b$2bob5ob$4b4o2b$5b2o! 1410994072
4b2o3b$3b4o2b$3b4o2b$bo2b2o2bo$3b3o2bo$ob4o3b$2b3o2bob$o2b3o3b$4b3o2b$b3ob2o2b$3b2ob2ob$2bob5o$5b4o$6b2o! 965603133
5b2o3b$4b4o2b$3b6ob$5b2obob$bo2b4o2b$2b8o$2ob3o4b$2bob3obob$b2o2b3o2b$6b2o2b$4b2ob2ob$6b4o$4bob4o$7b2o! 1584966519
3b2o3b$2b4o2b$2b4o2b$o2b2o3b$ob4o2b$b4o3b$b3o4b$2b3o3b$o2b4ob$bo2b2o2b$5b2ob$b2ob4o$3b5o$3bob2o! 470666874
3b2o3b$2b4o2b$b5o2b$3b2obob$2b3o3b$5o3b$b3obo2b$ob3o3b$bob3o2b$obob2obo$2obob2ob$4b4o$4b4o$5b2ob$4bo! -1635318865
4b2o4b$3b4o3b$3b5o2b$4b2o4b$3b3o4b$2b5o3b$ob3obo3b$bob3obo2b$2o2b3o3b$5b2o3b$bobo2b2obo$3b6ob$5b4ob$4bob2o2b$6bo! 896927319
5b2o4b$4b4o3b$4b4o3b$3bob2o4b$4b3o4b$3b4o4b$3b3o2bo2b$o3b3obo2b$2bo2b4o2b$2b3ob2obob$3bo3b2o2b$4bob5o$6b4ob$7b2o! -363686188
4b2o3b$3b4o2b$2b5o2b$2bob2o3b$bob4o2b$2b5o2b$2b3o4b$2ob3o2bo$o3b3obo$5b2obo$6b2ob$2bob5o$5b4o$6b2o! -1725559955
4b2o4b$3b4o3b$3b4o3b$bo2b2obo2b$bob4o3b$b5o4b$2b3o2bo2b$o2b3o4b$2bob3o2bo$5b2o3b$3bo2b2obo$3bob4ob$3bob4ob$6b2o! -939000780
4b2o5b$3b4o4b$2b6o3b$4b2obo3b$o2b3obo3b$2b4obo3b$ob3o6b$3b3ob2o2b$bo2b3o4b$2bo2b2ob3o$6b2o3b$2bo2b5ob$5b4o2b$4bob2o! 563539010
5b2o3b$4b4o2b$4b4o2b$2bo2b2o2bo$2bob3o2bo$2ob4o3b$2b4o2bob$bo2b3o3b$3bob3o2b$2bobob2o2b$2b4ob2ob$6b4o$4b6o$7b2ob$6bo! 462508870
4b2o3b$3b4o2b$2b6ob$4b2obob$3b4o2b$2b7o$2b3o4b$3b3obob$2o2b3o2b$3bob2o2b$bo4b2ob$5b4o$5b4o$6b2ob$6bo! 1216323708
3b2o3b$2b4o2b$2b4o2b$3b2o3b$2b4o2b$b4o3b$b3o4b$ob3o3b$3b4ob$o3b2o2b$bobob2ob$4b4o$4b4o$5b2o! 932188559
4b2o3b$3b4o2b$3b4o2b$2bob2obob$3b3o3b$2b4o3b$b4obo2b$3b3o3b$3ob3o2b$2b2ob2obo$bob2ob2ob$3b6o$5b4o$6b2o! 1238370617
3b2o4b$2b4o3b$b6o2b$bob2o4b$ob3o4b$b5o3b$b3obo3b$2b3obo2b$3b3o3b$b2ob2o3b$2b2ob2obo$3b5ob$4b4ob$5b2o! -1428345894
3b2o4b$2b4o3b$2b4o3b$o2b2o4b$ob3o4b$5o4b$b3o2bo2b$2b3obo2b$3b4o2b$4b2obob$3bob2o2b$4b5o$4b4ob$5b2o! 355058124
4b2o3b$3b4o2b$2b5o2b$4b2o3b$o2b4o2b$2b5o2b$2b3o4b$3b3o2bo$4b3obo$3bob2obo$4bob2ob$4b5o$5b4o$6b2o! -1079091020
3b2o4b$2b4o3b$2b4o3b$o2b2obo2b$ob4o3b$5o4b$b3o2bo2b$2b3o4b$bob3o2bo$2bob2o3b$2bo2b2obo$4b4ob$4b4ob$5b2o! 798740045
4b2o5b$3b4o4b$2b6o3b$4b2obo3b$o2b3obo3b$2b4obo3b$2b3o6b$bob3ob2o2b$2bob3o4b$2bo2b2ob3o$6b2o3b$4b6ob$5b4o2b$6b2o! -550355079
3b2o3b$2b4o2b$2b4o2b$o2b2o2bo$ob3o2bo$5o3b$4o2bob$ob3o3b$o2b3o2b$4b2o2b$2bo2b2ob$4b4o$4b4o$5b2o! 245525346
4b2o3b$3b4o2b$2b6ob$4b2obob$o2b4o2b$ob7o$ob3o4b$o2b3obob$4b3o2b$2b2ob2o2b$6b2ob$4b5o$5b4o$6b2o! -1523515244
5b2o3b$4b4o2b$4b4o2b$2bo2b2o3b$4b4o2b$o2b4o3b$o2b3o4b$4b3o3b$2bo2b4ob$6b2o2b$4bo2b2ob$6b4o$6b4o$7b2o! 377580376
4b2o3b$3b4o2b$2b5o2b$4b2obob$2ob3o3b$2b4o3b$2b3obo2b$2ob3o3b$2bob3o2b$2b2ob2obo$6b2ob$4b5o$5b4o$6b2o! 1991888149
3b2o4b$2b4o3b$2b5o2b$o2b2o4b$2b3o4b$b5o3b$b3obo3b$2b3obo2b$3b3o3b$bo2b2o3b$2bo2b2obo$4b4ob$4b4ob$5b2o! -215863907
3b2o4b$2b4o3b$b5o3b$3b2o4b$ob3o4b$b4o4b$b3o2bo2b$2b3obo2b$bob4o2b$2bob2obob$bo3b2o2b$3b6o$4b4ob$5b2o! 939279189
3b2o3b$2b4o2b$2b4o2b$o2b2o3b$2b4o2b$6o2b$b3o4b$ob3o2bo$bob3obo$2o2b2obo$2bo2b2ob$2bob4o$4b4o$5b2o! -175696071
4b2o4b$3b4o3b$2b5o3b$4b2obo2b$2ob4o3b$2b4o4b$ob3o2bo2b$bob3o4b$o3b3o2bo$5b2o3b$6b2obo$5b4ob$5b4ob$6b2o! -1999632001
5b2o5b$4b4o4b$4b5o3b$2bo2b2obo3b$4b3obo3b$2ob4obo3b$3b3o6b$2o2b3ob2o2b$2b2ob3o4b$6b2ob3o$5bob2o3b$6b5ob$6b4o2b$7b2o! -569351766
6b2o3b$5b4o2b$4b5o2b$6b2o2bo$2bo2b3o2bo$3b5o3b$o3b3o2bob$5b3o3b$2bo3b3o2b$5bob2o2b$6bob2ob$6b5o$7b4o$8b2o! -1970429262
5b2o3b$4b4o2b$4b5ob$2bo2b2obob$2bob4o2b$2ob7o$3b3o4b$obob3obob$3bob3o2b$4bob2o2b$4bo2b2ob$6b4o$6b4o$7b2o! 478036154
6b2o3b$5b4o2b$4b5o2b$6b2o3b$5b4o2b$4b4o3b$2o2b3o4b$2b2ob3o3b$2b2o2b4ob$4bo2b2o2b$8b2ob$6b5o$7b4o$8b2o! 845187617
4b2o3b$3b4o2b$3b4o2b$4b2obob$3b3o3b$2b4o3b$ob3obo2b$3b3o3b$4b3o2b$bobob2obo$3bo2b2ob$5b4o$5b4o$6b2o! 303377705
3b2o4b$2b4o3b$2b5o2b$bob2o4b$2b3o4b$b5o3b$4obo3b$ob3obo2b$bob3o3b$bo2b2o3b$5b2obo$3b5ob$4b4ob$5b2o! -1120237667
3b2o4b$2b4o3b$b5o3b$bob2o4b$ob3o4b$b4o4b$b3o2bo2b$2b3obo2b$o2b4o2b$4b2obob$2bo2b2o2b$4b5o$4b4ob$5b2o! -523590031
3b2o3b$2b4o2b$2b4o2b$o2b2o3b$ob4o2b$6o2b$b3o4b$ob3o2bo$bob3obo$b2ob2obo$5b2ob$3b5o$4b4o$5b2o! -1867668742
4b2o4b$3b4o3b$2b5o3b$4b2obo2b$o2b4o3b$2b4o4b$ob3o2bo2b$bob3o4b$bo2b3o2bo$2bo2b2o3b$3bo2b2obo$5b4ob$5b4ob$6b2o! 401694816
5b2o5b$4b4o4b$4b5o3b$2bo2b2obo3b$2bob3obo3b$2ob4obo3b$3b3o6b$bo2b3ob2o2b$5b3o4b$2bobob2ob3o$3bo3b2o3b$5b6ob$6b4o2b$7b2o! 1932307861
4b2o3b$3b4o2b$2b5o2b$4b2o2bo$3b3o2bo$2b4o3b$ob3o2bob$bob3o3b$3ob3o2b$2bo2b2o2b$b3o2b2ob$3bob4o$5b4o$6b2o! 550216882
5b2o3b$4b4o2b$4b5ob$5b2obob$4b4o2b$3b7o$3b3o4b$obob3obob$5b3o2b$3bo2b2o2b$7b2ob$6b4o$6b4o$7b2o! 366756290
4b2o3b$3b4o2b$3b4o2b$2bob2o3b$3b4o2b$2b4o3b$5o4b$o2b3o3b$2o2b4ob$3bob2o2b$4bob2ob$5b4o$5b4o$6b2o! 202891645
5b2o3b$4b4o2b$3b5o2b$3bob2obob$2bob3o3b$3b4o3b$bob3obo2b$o3b3o3b$bo3b3o2b$3b2ob2obo$4bo2b2ob$5b5o$6b4o$7b2o! -1077706848
5b2o4b$4b4o3b$4b5o2b$2bo2b2o4b$2bob3o4b$bob5o3b$ob4obo3b$3ob3obo2b$obo2b3o3b$2bo3b2o3b$7b2obo$4bob4ob$6b4ob$7b2o! -557116878
6b2o4b$5b4o3b$4b5o3b$6b2o4b$2bo2b3o4b$bo2b4o4b$3b4o2bo2b$obo2b3obo2b$6b4o2b$7b2obob$4bobob2o2b$6b6o$7b4ob$8b2o! -246723437
6b2o3b$5b4o2b$5b4o2b$3bo2b2o3b$bobob4o2b$2bob5o2b$obob3o4b$bobob3o2bo$bo4b3obo$5bob2obo$5bo2b2ob$7b4o$7b4o$8b2o! 1717646514
6b2o4b$5b4o3b$4b5o3b$6b2obo2b$5b4o3b$o3b4o4b$4b3o2bo2b$o2bob3o4b$4bob3o2bo$7b2o3b$8b2obo$6b5ob$7b4ob$8b2o! 130125215
7b2o5b$6b4o4b$6b5o3b$7b2obo3b$6b3obo3b$5b4obo3b$3ob4o6b$4bob3ob2o2b$4b2ob3o4b$6bob2ob3o$9b2o3b$8b5ob$8b4o2b$9b2o! -459053067
6b2o3b$5b4o2b$5b4o2b$4bob2o2bo$5b3o2bo$obob4o3b$2bob3o2bob$o4b3o3b$3bo2b3o2b$4b2ob2o2b$6bob2ob$7b4o$7b4o$8b2o! 1238111644
7b2o3b$6b4o2b$5b6ob$5bob2obob$2bobob4o2b$2bo2b7o$2o3b3o4b$2b2o2b3obob$7b3o2b$4bo3b2o2b$6bo2b2ob$7b5o$8b4o$9b2o! 1619129778
6b2o3b$5b4o2b$5b4o2b$2b2o2b2o3b$2b2ob4o2b$3b5o3b$3b4o4b$o2bob3o3b$2b3ob4ob$4b2ob2o2b$4bo3b2ob$5bob4o$7b4o$8b2o! 1203105114
5b2o3b$4b4o2b$3b5o2b$5b2obob$b2ob3o3b$2b5o3b$bob3obo2b$obob3o3b$o2bob3o2b$6b2obo$7b2ob$3bob5o$6b4o$7b2o! -1063102419
5b2o4b$4b4o3b$4b5o2b$2bo2b2o4b$4b3o4b$ob6o3b$o2b3obo3b$4b3obo2b$2b2ob3o3b$4bob2o3b$4bo2b2obo$4bob4ob$4bob4ob$7b2o! 565314463
4b2o4b$3b4o3b$2b5o3b$4b2o4b$2ob3o4b$ob4o4b$2b3o2bo2b$o2b3obo2b$4b4o2b$5b2obob$2bo3b2o2b$2bo2b5o$5b4ob$4bob2o! -2079081431
5b2o3b$4b4o2b$4b4o2b$2bo2b2o3b$bo2b4o2b$3b5o2b$2ob3o4b$2bob3o2bo$5b3obo$4bob2obo$5bob2ob$6b4o$4b6o$7b2ob$6bo! -1418105478
4b2o4b$3b4o3b$2b5o3b$o3b2obo2b$bob4o3b$ob4o4b$2b3o2bo2b$2ob3o4b$2bob3o2bo$3bob2o3b$3bo2b2obo$5b4ob$5b4ob$6b2o2b$6bo! -2040587977
5b2o5b$4b4o4b$2bob5o3b$2bo2b2obo3b$2o2b3obo3b$3b4obo3b$2ob3o6b$4b3ob2o2b$2bo2b3o4b$3bo2b2ob3o$7b2o3b$5b6ob$6b4o2b$7b2o! 254042251
6b2o3b$5b4o2b$5b4o2b$6b2o2bo$3bob3o2bo$o3b4o3b$3b4o2bob$2bo2b3o3b$4bob3o2b$3bobob2o2b$5bo2b2ob$7b4o$7b4o$8b2o! -577761688
5b2o3b$4b4o2b$4b5ob$3bob2obob$4b4o2b$bob7o$2ob3o4b$4b3obob$b2o2b3o2b$6b2o2b$7b2ob$5b5o$6b4o$7b2o! -797571284
4b2o3b$3b4o2b$2b5o2b$2bob2o3b$bob4o2b$2b4o3b$ob3o4b$3b3o3b$2bob4ob$5b2o2b$6b2ob$5b4o$5b4o$6b2o! -489350972
4b2o3b$3b4o2b$3b4o2b$bo2b2obob$bob3o3b$ob4o3b$b4obo2b$bob3o3b$4b3o2b$3bob2obo$4bob2ob$5b4o$5b4o$6b2o! 321448844
4b2o4b$3b4o3b$2b6o2b$4b2o4b$o2b3o4b$ob5o3b$ob3obo3b$3b3obo2b$2bob3o3b$3bob2o3b$3bo2b2obo$4b5ob$5b4ob$6b2o! -1463903333
5b2o4b$4b4o3b$4b4o3b$2bo2b2o4b$4b3o4b$o2b4o4b$3b3o2bo2b$2bob3obo2b$3bob4o2b$3bo2b2obob$7b2o2b$4bob5o$6b4ob$7b2o! -1731091774
4b2o3b$3b4o2b$2b5o2b$4b2o3b$2ob4o2b$2b5o2b$5o4b$bob3o2bo$bo2b3obo$5b2obo$2b3ob2ob$4b5o$5b4o$6b2o! -1300107308
5b2o4b$4b4o3b$4b4o3b$2bo2b2obo2b$4b4o3b$o2b4o4b$3b3o2bo2b$4b3o4b$5b3o2bo$2b2o2b2o3b$7b2obo$6b4ob$6b4ob$7b2o! -938804686
4b2o5b$3b4o4b$2b6o3b$4b2obo3b$2ob3obo3b$2b4obo3b$2b3o6b$3b3ob2o2b$2bob3o4b$3bob2ob3o$4bob2o3b$5b5ob$5b4o2b$6b2o! -985685184
3b2o3b$2b4o2b$2b4o2b$o2b2o2bo$2b3o2bo$b4o3b$b3o2bob$ob3o3b$bob3o2b$bo2b2o2b$2bo2b2ob$3b5o$4b4o$5b2o! 1911937495
3b2o3b$2b4o2b$b6ob$3b2obob$ob4o2b$b7o$4o4b$ob3obob$o2b3o2b$4b2o2b$bo3b2ob$2bob4o$4b4o$5b2o! -1479914962
4b2o3b$3b4o2b$3b4o2b$bo2b2o3b$3b4o2b$ob4o3b$2b3o4b$o2b3o3b$4b4ob$b3ob2o2b$3b2ob2ob$2bob5o$5b4o$6b2o! 2006536481
5b2o3b$4b4o2b$3b5o2b$5b2obob$bo2b3o3b$2b5o3b$2ob3obo2b$2bob3o3b$b2o2b3o2b$6b2obo$4b2ob2ob$6b4o$4bob4o$7b2o! -723469885
3b2o4b$2b4o3b$2b5o2b$o2b2o4b$ob3o4b$b5o3b$b3obo3b$2b3obo2b$o2b3o3b$bo2b2o3b$5b2obo$b2ob4ob$3b5ob$3bob2o! -707950410
3b2o4b$2b4o3b$b5o3b$3b2o4b$2b3o4b$5o4b$b3o2bo2b$ob3obo2b$bob4o2b$obob2obob$2obob2o2b$4b5o$4b4ob$5b2o2b$4bo! 957691243
4b2o3b$3b4o2b$3b4o2b$4b2o3b$3b4o2b$2b5o2b$ob3o4b$bob3o2bo$2o2b3obo$5b2obo$bobo2b2ob$3b6o$5b4o$4bob2ob$6bo! 723525259
5b2o4b$4b4o3b$4b4o3b$3bob2obo2b$4b4o3b$3b4o4b$3b3o2bo2b$o3b3o4b$2bo2b3o2bo$2b3ob2o3b$3bo3b2obo$4bob4ob$6b4ob$7b2o! 1440764234
4b2o5b$3b4o4b$2b6o3b$2bob2obo3b$bob3obo3b$2b4obo3b$2b3o6b$2ob3ob2o2b$o3b3o4b$5b2ob3o$6b2o3b$2bob6ob$5b4o2b$6b2o! -1540326890
4b2o3b$3b4o2b$3b4o2b$bo2b2o2bo$bob3o2bo$b5o3b$2b3o2bob$o2b3o3b$2bob3o2b$5b2o2b$3bo2b2ob$3bob4o$3bob4o$6b2o! 1744874391
4b2o3b$3b4o2b$2b6ob$4b2obob$o2b4o2b$2b7o$ob3o4b$3b3obob$bo2b3o2b$2bo2b2o2b$6b2ob$2bo2b4o$5b4o$4bob2o! 336528753
5b2o3b$4b4o2b$4b4o2b$2bo2b2o3b$2bob4o2b$2ob4o3b$2b4o4b$bo2b3o3b$3bob4ob$2bobob2o2b$2b4ob2ob$6b4o$4b6o$7b2ob$6bo! -566058941
4b2o3b$3b4o2b$2b5o2b$4b2obob$3b3o3b$2b4o3b$2b3obo2b$3b3o3b$2o2b3o2b$3bob2obo$bo4b2ob$5b4o$5b4o$6b2ob$6bo! -1626131700
3b2o4b$2b4o3b$2b5o2b$3b2o4b$2b3o4b$b5o3b$b3obo3b$ob3obo2b$3b3o3b$o3b2o3b$bobob2obo$4b4ob$4b4ob$5b2o! 1038541749
4b2o4b$3b4o3b$3b4o3b$2bob2o4b$3b3o4b$2b4o4b$b4o2bo2b$3b3obo2b$3ob4o2b$2b2ob2obob$bob2ob2o2b$3b7o$5b4ob$6b2o! -216506925
3b2o3b$2b4o2b$b5o2b$bob2o3b$ob4o2b$b5o2b$b3o4b$2b3o2bo$3b3obo$b2ob2obo$2b2ob2ob$3b5o$4b4o$5b2o! 777438704
3b2o4b$2b4o3b$2b4o3b$o2b2obo2b$ob4o3b$5o4b$b3o2bo2b$2b3o4b$3b3o2bo$4b2o3b$3bob2obo$4b4ob$4b4ob$5b2o! -1751668544
4b2o5b$3b4o4b$2b6o3b$4b2obo3b$o2b3obo3b$2b4obo3b$2b3o6b$3b3ob2o2b$4b3o4b$3bob2ob3o$4bob2o3b$4b6ob$5b4o2b$6b2o! 1964199781
3b2o3b$2b4o2b$2b4o2b$o2b2o2bo$ob3o2bo$5o3b$b3o2bob$2b3o3b$bob3o2b$2bob2o2b$2bo2b2ob$4b4o$4b4o$5b2o! 1233442468
4b2o3b$3b4o2b$2b6ob$4b2obob$o2b4o2b$2b7o$2b3o4b$bob3obob$2bob3o2b$2bo2b2o2b$6b2ob$4b5o$5b4o$6b2o! -8977016
3b2o3b$2b4o2b$2b4o2b$o2b2o3b$ob4o2b$5o3b$4o4b$ob3o3b$o2b4ob$4b2o2b$2bo2b2ob$4b4o$4b4o$5b2o! 1632713639
4b2o3b$3b4o2b$2b5o2b$4b2obob$o2b3o3b$ob4o3b$ob3obo2b$o2b3o3b$4b3o2b$2b2ob2obo$6b2ob$4b5o$5b4o$6b2o! 1612627090
5b2o4b$4b4o3b$4b5o2b$2bo2b2o4b$4b3o4b$o2b5o3b$o2b3obo3b$4b3obo2b$2bo2b3o3b$6b2o3b$4bo2b2obo$6b4ob$6b4ob$7b2o! 1180964530
4b2o4b$3b4o3b$2b5o3b$4b2o4b$2ob3o4b$2b4o4b$2b3o2bo2b$2ob3obo2b$2bob4o2b$2b2ob2obob$6b2o2b$4b6o$5b4ob$6b2o! -197543911
3b2o3b$2b4o2b$2b4o2b$o2b2o3b$2b4o2b$b5o2b$b3o4b$2b3o2bo$3b3obo$bo2b2obo$2bo2b2ob$4b4o$4b4o$5b2o! 1612812283
3b2o4b$2b4o3b$b5o3b$3b2obo2b$ob4o3b$b4o4b$b3o2bo2b$2b3o4b$bob3o2bo$2bob2o3b$bo3b2obo$3b5ob$4b4ob$5b2o! 1742710319
3b2o5b$2b4o4b$2b5o3b$o2b2obo3b$2b3obo3b$5obo3b$b3o6b$ob3ob2o2b$bob3o4b$2o2b2ob3o$2bo2b2o3b$2bob5ob$4b4o2b$5b2o! 736172643
4b2o3b$3b4o2b$2b5o2b$4b2o2bo$2ob3o2bo$2b4o3b$ob3o2bob$bob3o3b$o3b3o2b$5b2o2b$6b2ob$5b4o$5b4o$6b2o! 1399840116
5b2o3b$4b4o2b$4b5ob$2bo2b2obob$4b4o2b$2ob7o$3b3o4b$2o2b3obob$2b2ob3o2b$6b2o2b$5bob2ob$6b4o$6b4o$7b2o! -483092690
6b2o3b$5b4o2b$4b5o2b$6b2o3b$2bo2b4o2b$3b5o3b$o3b3o4b$5b3o3b$2bo3b4ob$5bob2o2b$6bob2ob$6b5o$7b4o$8b2o! 2094160546
5b2o3b$4b4o2b$4b4o2b$2bo2b2obob$2bob3o3b$2ob4o3b$3b3obo2b$obob3o3b$3bob3o2b$4bob2obo$4bo2b2ob$6b4o$6b4o$7b2o! -237605458
6b2o4b$5b4o3b$4b6o2b$6b2o4b$5b3o4b$4b5o3b$2o2b3obo3b$2b2ob3obo2b$2b2o2b3o3b$4bo2b2o3b$8b2obo$6b5ob$7b4ob$8b2o! -263764596
4b2o4b$3b4o3b$3b4o3b$4b2o4b$3b3o4b$2b4o4b$ob3o2bo2b$3b3obo2b$4b4o2b$bobob2obob$3bo2b2o2b$5b5o$5b4ob$6b2o! -1656256975
3b2o3b$2b4o2b$2b4o2b$bob2o3b$2b4o2b$b5o2b$4o4b$ob3o2bo$bob3obo$bo2b2obo$5b2ob$3b5o$4b4o$5b2o! -1675081119
3b2o4b$2b4o3b$b5o3b$bob2obo2b$ob4o3b$b4o4b$b3o2bo2b$2b3o4b$o2b3o2bo$4b2o3b$2bo2b2obo$4b4ob$4b4ob$5b2o! 1100664743
3b2o5b$2b4o4b$2b5o3b$o2b2obo3b$ob3obo3b$5obo3b$b3o6b$ob3ob2o2b$bob3o4b$b2ob2ob3o$5b2o3b$3b6ob$4b4o2b$5b2o! 1101548216
4b2o3b$3b4o2b$2b5o2b$4b2o2bo$o2b3o2bo$2b4o3b$ob3o2bob$bob3o3b$bo2b3o2b$2bo2b2o2b$3bo2b2ob$5b4o$5b4o$6b2o! 1397732877
5b2o3b$4b4o2b$4b5ob$2bo2b2obob$2bob4o2b$2ob7o$3b3o4b$bo2b3obob$5b3o2b$2bobob2o2b$3bo3b2ob$5b5o$6b4o$7b2o! -327062253
4b2o3b$3b4o2b$2b5o2b$4b2o3b$3b4o2b$2b4o3b$ob3o4b$bob3o3b$3ob4ob$2bo2b2o2b$b3o2b2ob$3bob4o$5b4o$6b2o! -1125630696
5b2o3b$4b4o2b$4b4o2b$5b2obob$4b3o3b$3b4o3b$3b3obo2b$obob3o3b$5b3o2b$3bo2b2obo$7b2ob$6b4o$6b4o$7b2o! -1669988492
4b2o4b$3b4o3b$3b5o2b$2bob2o4b$3b3o4b$2b5o3b$5obo3b$o2b3obo2b$2o2b3o3b$3bob2o3b$4bob2obo$5b4ob$5b4ob$6b2o! 1219864150
5b2o4b$4b4o3b$3b5o3b$3bob2o4b$2bob3o4b$3b4o4b$bob3o2bo2b$o3b3obo2b$bo3b4o2b$3b2ob2obob$4bo2b2o2b$5b6o$6b4ob$7b2o! -1723157142
5b2o3b$4b4o2b$4b4o2b$2bo2b2o3b$2bob4o2b$bob5o2b$ob4o4b$3ob3o2bo$obo2b3obo$2bo3b2obo$7b2ob$4bob4o$6b4o$7b2o! 1567082994
6b2o4b$5b4o3b$4b5o3b$6b2obo2b$2bo2b4o3b$bo2b4o4b$3b4o2bo2b$obo2b3o4b$6b3o2bo$7b2o3b$4bobob2obo$6b5ob$7b4ob$8b2o! 2115799689
6b2o5b$5b4o4b$5b5o3b$3bo2b2obo3b$bobob3obo3b$2bob4obo3b$obob3o6b$bobob3ob2o2b$bo4b3o4b$5bob2ob3o$5bo2b2o3b$7b5ob$7b4o2b$8b2o! -1528820571
6b2o3b$5b4o2b$4b5o2b$6b2o2bo$5b3o2bo$o3b4o3b$4b3o2bob$o2bob3o3b$4bob3o2b$7b2o2b$8b2ob$6b5o$7b4o$8b2o! 2118031588
7b2o3b$6b4o2b$6b5ob$7b2obob$6b4o2b$5b7o$3ob4o4b$4bob3obob$4b2ob3o2b$6bob2o2b$9b2ob$8b4o$8b4o$9b2o! -421019381
6b2o3b$5b4o2b$5b4o2b$4bob2o3b$5b4o2b$obob4o3b$2bob3o4b$o4b3o3b$3bo2b4ob$4b2ob2o2b$6bob2ob$7b4o$7b4o$8b2o! -1572106044
7b2o3b$6b4o2b$5b5o2b$5bob2obob$2bobob3o3b$2bo2b4o3b$2o3b3obo2b$2b2o2b3o3b$7b3o2b$4bo3b2obo$6bo2b2ob$7b5o$8b4o$9b2o! 857231614
6b2o4b$5b4o3b$5b5o2b$2b2o2b2o4b$2b2ob3o4b$3b6o3b$3b4obo3b$o2bob3obo2b$2b3ob3o3b$4b2ob2o3b$4bo3b2obo$5bob4ob$7b4ob$8b2o! 667577313
5b2o4b$4b4o3b$3b5o3b$5b2o4b$b2ob3o4b$2b5o4b$bob3o2bo2b$obob3obo2b$o2bob4o2b$6b2obob$7b2o2b$3bob6o$6b4ob$7b2o! -870133675
5b2o3b$4b4o2b$4b4o2b$2bo2b2o3b$4b4o2b$ob6o2b$o2b3o4b$4b3o2bo$2b2ob3obo$4bob2obo$4bo2b2ob$4bob4o$4bob4o$7b2o! 328166665
4b2o4b$3b4o3b$2b5o3b$4b2obo2b$2ob4o3b$ob4o4b$2b3o2bo2b$o2b3o4b$4b3o2bo$5b2o3b$2bo3b2obo$2bo2b4ob$5b4ob$4bob2o! -661251289
5b2o5b$4b4o4b$4b5o3b$2bo2b2obo3b$bo2b3obo3b$3b4obo3b$2ob3o6b$2bob3ob2o2b$5b3o4b$4bob2ob3o$5bob2o3b$6b5ob$4b6o2b$7b2o3b$6bo! 1789321822
4b2o3b$3b4o2b$2b5o2b$o3b2o2bo$bob3o2bo$ob4o3b$2b3o2bob$2ob3o3b$2bob3o2b$3bob2o2b$3bo2b2ob$5b4o$5b4o$6b2ob$6bo! -1893728368
5b2o3b$4b4o2b$2bob5ob$2bo2b2obob$2o2b4o2b$3b7o$2ob3o4b$4b3obob$2bo2b3o2b$3bo2b2o2b$7b2ob$5b5o$6b4o$7b2o! -482678337
6b2o3b$5b4o2b$5b4o2b$6b2o3b$3bob4o2b$o3b4o3b$3b4o4b$2bo2b3o3b$4bob4ob$3bobob2o2b$5bo2b2ob$7b4o$7b4o$8b2o! 1028820178
5b2o3b$4b4o2b$4b4o2b$3bob2obob$4b3o3b$bob4o3b$2ob3obo2b$4b3o3b$b2o2b3o2b$6b2obo$7b2ob$5b5o$6b4o$7b2o! 1481058880
4b2o4b$3b4o3b$2b6o2b$2bob2o4b$bob3o4b$2b5o3b$ob3obo3b$3b3obo2b$2bob3o3b$5b2o3b$6b2obo$5b4ob$5b4ob$6b2o! -764478207
4b2o4b$3b4o3b$3b4o3b$bo2b2o4b$bob3o4b$ob4o4b$b4o2bo2b$bob3obo2b$4b4o2b$3bob2obob$4bob2o2b$5b5o$5b4ob$6b2o! 306742930
4b2o3b$3b4o2b$2b5o2b$4b2o3b$o2b4o2b$ob5o2b$ob3o4b$3b3o2bo$2bob3obo$3bob2obo$3bo2b2ob$4b5o$5b4o$6b2o! -898352245
5b2o4b$4b4o3b$4b4o3b$2bo2b2obo2b$4b4o3b$o2b4o4b$3b3o2bo2b$2bob3o4b$3bob3o2bo$3bo2b2o3b$7b2obo$4bob4ob$6b4ob$7b2o! -473892712
4b2o5b$3b4o4b$2b6o3b$4b2obo3b$2ob3obo3b$2b4obo3b$5o6b$bob3ob2o2b$bo2b3o4b$5b2ob3o$2b3ob2o3b$4b6ob$5b4o2b$6b2o! 84638727
5b2o3b$4b4o2b$4b4o2b$2bo2b2o2bo$4b3o2bo$o2b4o3b$3b3o2bob$4b3o3b$5b3o2b$2b2o2b2o2b$7b2ob$6b4o$6b4o$7b2o! -1239631545
4b2o3b$3b4o2b$2b6ob$4b2obob$2ob4o2b$2b7o$2b3o4b$3b3obob$2bob3o2b$3bob2o2b$4bob2ob$5b4o$5b4o$6b2o! -1857442293
3b2o3b$2b4o2b$2b4o2b$o2b2o3b$2b4o2b$b4o3b$b3o4b$ob3o3b$bob4ob$bo2b2o2b$2bo2b2ob$3b5o$4b4o$5b2o! -820986798
3b2o3b$2b4o2b$b5o2b$3b2obob$ob3o3b$b4o3b$4obo2b$ob3o3b$o2b3o2b$4b2obo$bo3b2ob$2bob4o$4b4o$5b2o! 1404889414
4b2o4b$3b4o3b$3b5o2b$bo2b2o4b$3b3o4b$ob5o3b$2b3obo3b$o2b3obo2b$4b3o3b$b3ob2o3b$3b2ob2obo$2bob5ob$5b4ob$6b2o! -434140616
5b2o4b$4b4o3b$3b5o3b$5b2o4b$bo2b3o4b$2b5o4b$2ob3o2bo2b$2bob3obo2b$b2o2b4o2b$6b2obob$4b2ob2o2b$6b5o$4bob4ob$7b2o! -1238107265
3b2o3b$2b4o2b$2b4o2b$o2b2o3b$ob4o2b$b5o2b$b3o4b$2b3o2bo$o2b3obo$bo2b2obo$5b2ob$b2ob4o$3b5o$3bob2o! 869513614
3b2o4b$2b4o3b$b5o3b$3b2obo2b$2b4o3b$5o4b$b3o2bo2b$ob3o4b$bob3o2bo$obob2o3b$2obob2obo$4b4ob$4b4ob$5b2o2b$4bo! 164420177
4b2o5b$3b4o4b$3b5o3b$4b2obo3b$3b3obo3b$2b4obo3b$ob3o6b$bob3ob2o2b$2o2b3o4b$5b2ob3o$bobo2b2o3b$3b7ob$5b4o2b$4bob2o3b$6bo! -150439496
5b2o3b$4b4o2b$4b4o2b$3bob2o2bo$4b3o2bo$3b4o3b$3b3o2bob$o3b3o3b$2bo2b3o2b$2b3ob2o2b$3bo3b2ob$4bob4o$6b4o$7b2o! -793110573
4b2o3b$3b4o2b$2b6ob$2bob2obob$bob4o2b$2b7o$2b3o4b$2ob3obob$o3b3o2b$5b2o2b$6b2ob$2bob5o$5b4o$6b2o! 297372089
4b2o3b$3b4o2b$3b4o2b$bo2b2o3b$bob4o2b$b5o3b$2b3o4b$o2b3o3b$2bob4ob$5b2o2b$3bo2b2ob$3bob4o$3bob4o$6b2o! -24104947
4b2o3b$3b4o2b$2b5o2b$4b2obob$o2b3o3b$2b4o3b$ob3obo2b$3b3o3b$bo2b3o2b$2bo2b2obo$6b2ob$2bo2b4o$5b4o$4bob2o! 1246523149
5b2o4b$4b4o3b$4b5o2b$2bo2b2o4b$2bob3o4b$2ob5o3b$2b4obo3b$bo2b3obo2b$3bob3o3b$2bobob2o3b$2b4ob2obo$6b4ob$4b6ob$7b2o2b$6bo! 2069925285
4b2o4b$3b4o3b$2b5o3b$4b2o4b$3b3o4b$2b4o4b$2b3o2bo2b$3b3obo2b$2o2b4o2b$3bob2obob$bo4b2o2b$5b5o$5b4ob$6b2o2b$6bo! 294773056
3b2o3b$2b4o2b$2b4o2b$3b2o3b$2b4o2b$b5o2b$b3o4b$ob3o2bo$3b3obo$o3b2obo$bobob2ob$4b4o$4b4o$5b2o! -1101509057
4b2o4b$3b4o3b$3b4o3b$2bob2obo2b$3b4o3b$2b4o4b$b4o2bo2b$3b3o4b$3ob3o2bo$2b2ob2o3b$bob2ob2obo$3b6ob$5b4ob$6b2o! -1294136149
3b2o5b$2b4o4b$b6o3b$bob2obo3b$ob3obo3b$b4obo3b$b3o6b$2b3ob2o2b$3b3o4b$b2ob2ob3o$2b2ob2o3b$3b6ob$4b4o2b$5b2o! -1268162800
3b2o3b$2b4o2b$2b4o2b$o2b2o2bo$ob3o2bo$5o3b$b3o2bob$2b3o3b$3b3o2b$4b2o2b$3bob2ob$4b4o$4b4o$5b2o! -1687446423
4b2o3b$3b4o2b$2b6ob$4b2obob$o2b4o2b$2b7o$2b3o4b$3b3obob$4b3o2b$3bob2o2b$4bob2ob$4b5o$5b4o$6b2o! 1359433008
3b2o3b$2b4o2b$2b4o2b$o2b2o3b$ob4o2b$5o3b$b3o4b$2b3o3b$bob4ob$2bob2o2b$2bo2b2ob$4b4o$4b4o$5b2o! 156410231
4b2o3b$3b4o2b$2b5o2b$4b2obob$o2b3o3b$2b4o3b$2b3obo2b$bob3o3b$2bob3o2b$2bo2b2obo$6b2ob$4b5o$5b4o$6b2o! -1033458982
3b2o4b$2b4o3b$2b5o2b$o2b2o4b$ob3o4b$6o3b$4obo3b$ob3obo2b$o2b3o3b$4b2o3b$2bo2b2obo$4b4ob$4b4ob$5b2o! 1596558353
4b2o4b$3b4o3b$2b5o3b$4b2o4b$o2b3o4b$ob4o4b$ob3o2bo2b$o2b3obo2b$4b4o2b$2b2ob2obob$6b2o2b$4b6o$5b4ob$6b2o! 1497800578
5b2o3b$4b4o2b$4b4o2b$2bo2b2o3b$4b4o2b$o2b5o2b$o2b3o4b$4b3o2bo$2bo2b3obo$6b2obo$4bo2b2ob$6b4o$6b4o$7b2o! -1404286182
4b2o4b$3b4o3b$2b5o3b$4b2obo2b$2ob4o3b$2b4o4b$2b3o2bo2b$2ob3o4b$2bob3o2bo$2b2ob2o3b$6b2obo$4b5ob$5b4ob$6b2o! -398472633
3b2o5b$2b4o4b$2b5o3b$o2b2obo3b$2b3obo3b$b4obo3b$b3o6b$2b3ob2o2b$3b3o4b$bo2b2ob3o$2bo2b2o3b$4b5ob$4b4o2b$5b2o! 2114126231
3b2o3b$2b4o2b$b5o2b$3b2o2bo$ob3o2bo$b4o3b$b3o2bob$2b3o3b$bob3o2b$2bob2o2b$bo3b2ob$3b5o$4b4o$5b2o! -1201838668
3b2o3b$2b4o2b$2b5ob$o2b2obob$2b4o2b$8o$b3o4b$ob3obob$bob3o2b$2o2b2o2b$2bo2b2ob$2bob4o$4b4o$5b2o! 1437727611
4b2o3b$3b4o2b$2b5o2b$4b2o3b$2ob4o2b$2b4o3b$ob3o4b$bob3o3b$o3b4ob$5b2o2b$6b2ob$5b4o$5b4o$6b2o! -501895036
5b2o3b$4b4o2b$4b4o2b$2bo2b2obob$4b3o3b$2ob4o3b$3b3obo2b$2o2b3o3b$2b2ob3o2b$6b2obo$5bob2ob$6b4o$6b4o$7b2o! -1985483856
6b2o4b$5b4o3b$4b6o2b$6b2o4b$2bo2b3o4b$3b6o3b$o3b3obo3b$5b3obo2b$2bo3b3o3b$5bob2o3b$6bob2obo$6b5ob$7b4ob$8b2o! -1479868941
5b2o4b$4b4o3b$4b4o3b$2bo2b2o4b$2bob3o4b$2ob4o4b$3b3o2bo2b$obob3obo2b$3bob4o2b$4bob2obob$4bo2b2o2b$6b5o$6b4ob$7b2o! 964664440
6b2o3b$5b4o2b$4b5o2b$6b2o3b$5b4o2b$4b5o2b$2o2b3o4b$2b2ob3o2bo$2b2o2b3obo$4bo2b2obo$8b2ob$6b5o$7b4o$8b2o! -437975082
4b2o4b$3b4o3b$3b4o3b$4b2obo2b$3b4o3b$2b4o4b$ob3o2bo2b$3b3o4b$4b3o2bo$bobob2o3b$3bo2b2obo$5b4ob$5b4ob$6b2o! -1763982461
3b2o5b$2b4o4b$2b5o3b$bob2obo3b$2b3obo3b$b4obo3b$4o6b$ob3ob2o2b$bob3o4b$bo2b2ob3o$5b2o3b$3b6ob$4b4o2b$5b2o! 302364245
3b2o3b$2b4o2b$b5o2b$bob2o2bo$ob3o2bo$b4o3b$b3o2bob$2b3o3b$o2b3o2b$4b2o2b$2bo2b2ob$4b4o$4b4o$5b2o! -488806096
3b2o3b$2b4o2b$2b5ob$o2b2obob$ob4o2b$8o$b3o4b$ob3obob$bob3o2b$b2ob2o2b$5b2ob$3b5o$4b4o$5b2o! 217635778
4b2o3b$3b4o2b$2b5o2b$4b2o3b$o2b4o2b$2b4o3b$ob3o4b$bob3o3b$bo2b4ob$2bo2b2o2b$3bo2b2ob$5b4o$5b4o$6b2o! -1523603673
5b2o3b$4b4o2b$4b4o2b$2bo2b2obob$2bob3o3b$2ob4o3b$3b3obo2b$bo2b3o3b$5b3o2b$2bobob2obo$3bo3b2ob$5b5o$6b4o$7b2o! 330296141
4b2o4b$3b4o3b$2b6o2b$4b2o4b$3b3o4b$2b5o3b$ob3obo3b$bob3obo2b$3ob3o3b$2bo2b2o3b$b3o2b2obo$3bob4ob$5b4ob$6b2o! -842562489
5b2o4b$4b4o3b$4b4o3b$5b2o4b$4b3o4b$3b4o4b$3b3o2bo2b$obob3obo2b$5b4o2b$3bo2b2obob$7b2o2b$6b5o$6b4ob$7b2o! -1136959676
4b2o3b$3b4o2b$3b4o2b$2bob2o3b$3b4o2b$2b5o2b$5o4b$o2b3o2bo$2o2b3obo$3bob2obo$4bob2ob$5b4o$5b4o$6b2o! -1410406308
5b2o4b$4b4o3b$3b5o3b$3bob2obo2b$2bob4o3b$3b4o4b$bob3o2bo2b$o3b3o4b$bo3b3o2bo$3b2ob2o3b$4bo2b2obo$5b5ob$6b4ob$7b2o! 1542053222
5b2o5b$4b4o4b$4b5o3b$2bo2b2obo3b$2bob3obo3b$bob4obo3b$ob4o6b$3ob3ob2o2b$obo2b3o4b$2bo3b2ob3o$7b2o3b$4bob5ob$6b4o2b$7b2o! -294325698
6b2o3b$5b4o2b$4b5o2b$6b2o2bo$2bo2b3o2bo$bo2b4o3b$3b4o2bob$obo2b3o3b$6b3o2b$7b2o2b$4bobob2ob$6b5o$7b4o$8b2o! 1182388488
6b2o3b$5b4o2b$5b5ob$3bo2b2obob$bobob4o2b$2bob7o$obob3o4b$bobob3obob$bo4b3o2b$5bob2o2b$5bo2b2ob$7b4o$7b4o$8b2o! -354653762
6b2o3b$5b4o2b$4b5o2b$6b2o3b$5b4o2b$o3b4o3b$4b3o4b$o2bob3o3b$4bob4ob$7b2o2b$8b2ob$6b5o$7b4o$8b2o! -554051842
7b2o3b$6b4o2b$6b4o2b$7b2obob$6b3o3b$5b4o3b$3ob4obo2b$4bob3o3b$4b2ob3o2b$6bob2obo$9b2ob$8b4o$8b4o$9b2o! -1895302559
6b2o4b$5b4o3b$5b5o2b$4bob2o4b$5b3o4b$obob5o3b$2bob3obo3b$o4b3obo2b$3bo2b3o3b$4b2ob2o3b$6bob2obo$7b4ob$7b4ob$8b2o! 499848063
7b2o4b$6b4o3b$5b5o3b$5bob2o4b$2bobob3o4b$2bo2b4o4b$2o3b3o2bo2b$2b2o2b3obo2b$7b4o2b$4bo3b2obob$6bo2b2o2b$7b6o$8b4ob$9b2o! 1111999500
6b2o3b$5b4o2b$5b4o2b$2b2o2b2o3b$2b2ob4o2b$3b6o2b$3b4o4b$o2bob3o2bo$2b3ob3obo$4b2ob2obo$4bo3b2ob$5bob4o$7b4o$8b2o! -1599508983
5b2o4b$4b4o3b$3b5o3b$5b2obo2b$b2ob4o3b$2b5o4b$bob3o2bo2b$obob3o4b$o2bob3o2bo$6b2o3b$7b2obo$3bob5ob$6b4ob$7b2o! 1858060185
5b2o5b$4b4o4b$4b5o3b$2bo2b2obo3b$4b3obo3b$ob5obo3b$o2b3o6b$4b3ob2o2b$2b2ob3o4b$4bob2ob3o$4bo2b2o3b$4bob5ob$4bob4o2b$7b2o! -1551072567
4b2o3b$3b4o2b$2b5o2b$4b2o2bo$2ob3o2bo$ob4o3b$2b3o2bob$o2b3o3b$4b3o2b$5b2o2b$2bo3b2ob$2bo2b4o$5b4o$4bob2o! -1616573794
5b2o3b$4b4o2b$4b5ob$2bo2b2obob$bo2b4o2b$3b7o$2ob3o4b$2bob3obob$5b3o2b$4bob2o2b$5bob2ob$6b4o$4b6o$7b2ob$6bo! 790807546
4b2o3b$3b4o2b$2b5o2b$o3b2o3b$bob4o2b$ob4o3b$2b3o4b$2ob3o3b$2bob4ob$3bob2o2b$3bo2b2ob$5b4o$5b4o$6b2ob$6bo! 1568831188
5b2o3b$4b4o2b$2bob4o2b$2bo2b2obob$2o2b3o3b$3b4o3b$2ob3obo2b$4b3o3b$2bo2b3o2b$3bo2b2obo$7b2ob$5b5o$6b4o$7b2o! 1945830159
6b2o4b$5b4o3b$5b5o2b$6b2o4b$3bob3o4b$o3b5o3b$3b4obo3b$2bo2b3obo2b$4bob3o3b$3bobob2o3b$5bo2b2obo$7b4ob$7b4ob$8b2o! -1339063441
5b2o4b$4b4o3b$4b4o3b$3bob2o4b$4b3o4b$bob4o4b$2ob3o2bo2b$4b3obo2b$b2o2b4o2b$6b2obob$7b2o2b$5b6o$6b4ob$7b2o! 965170028
4b2o3b$3b4o2b$2b5o2b$2bob2o3b$bob4o2b$2b5o2b$ob3o4b$3b3o2bo$2bob3obo$5b2obo$6b2ob$5b4o$5b4o$6b2o! -378558911
4b2o4b$3b4o3b$3b4o3b$bo2b2obo2b$bob4o3b$ob4o4b$b4o2bo2b$bob3o4b$4b3o2bo$3bob2o3b$4bob2obo$5b4ob$5b4ob$6b2o! -235265678
4b2o5b$3b4o4b$2b6o3b$4b2obo3b$o2b3obo3b$ob4obo3b$ob3o6b$3b3ob2o2b$2bob3o4b$3bob2ob3o$3bo2b2o3b$4b6ob$5b4o2b$6b2o! -21056712
5b2o3b$4b4o2b$4b4o2b$2bo2b2o2bo$4b3o2bo$o2b4o3b$3b3o2bob$2bob3o3b$3bob3o2b$3bo2b2o2b$7b2ob$4bob4o$6b4o$7b2o! -940891945
4b2o3b$3b4o2b$2b6ob$4b2obob$2ob4o2b$2b7o$5o4b$bob3obob$bo2b3o2b$5b2o2b$2b3ob2ob$4b5o$5b4o$6b2o! 477140010
5b2o3b$4b4o2b$4b4o2b$2bo2b2o3b$4b4o2b$o2b4o3b$3b3o4b$4b3o3b$5b4ob$2b2o2b2o2b$7b2ob$6b4o$6b4o$7b2o! 731845008
4b2o3b$3b4o2b$2b5o2b$4b2obob$2ob3o3b$2b4o3b$2b3obo2b$3b3o3b$2bob3o2b$3bob2obo$4bob2ob$5b4o$5b4o$6b2o! -213805035
3b2o4b$2b4o3b$2b5o2b$o2b2o4b$2b3o4b$b5o3b$b3obo3b$ob3obo2b$bob3o3b$bo2b2o3b$2bo2b2obo$3b5ob$4b4ob$5b2o! -1044324540
3b2o4b$2b4o3b$b5o3b$3b2o4b$ob3o4b$b4o4b$4o2bo2b$ob3obo2b$o2b4o2b$4b2obob$bo3b2o2b$2bob5o$4b4ob$5b2o! 1219254608
4b2o3b$3b4o2b$3b4o2b$bo2b2o3b$3b4o2b$ob5o2b$2b3o4b$o2b3o2bo$4b3obo$b3ob2obo$3b2ob2ob$2bob5o$5b4o$6b2o! -1652697584
5b2o4b$4b4o3b$3b5o3b$5b2obo2b$bo2b4o3b$2b5o4b$2ob3o2bo2b$2bob3o4b$b2o2b3o2bo$6b2o3b$4b2ob2obo$6b4ob$4bob4ob$7b2o! -22204759
3b2o5b$2b4o4b$2b5o3b$o2b2obo3b$ob3obo3b$b4obo3b$b3o6b$2b3ob2o2b$o2b3o4b$bo2b2ob3o$5b2o3b$b2ob5ob$3b5o2b$3bob2o! -312458280
3b2o3b$2b4o2b$b5o2b$3b2o2bo$2b3o2bo$5o3b$b3o2bob$ob3o3b$bob3o2b$obob2o2b$2obob2ob$4b4o$4b4o$5b2ob$4bo! 1377552070
4b2o3b$3b4o2b$3b5ob$4b2obob$3b4o2b$2b7o$ob3o4b$bob3obob$2o2b3o2b$5b2o2b$bobo2b2ob$3b6o$5b4o$4bob2ob$6bo! 228926291
5b2o3b$4b4o2b$4b4o2b$3bob2o3b$4b4o2b$3b4o3b$3b3o4b$o3b3o3b$2bo2b4ob$2b3ob2o2b$3bo3b2ob$4bob4o$6b4o$7b2o! -1087459816
4b2o3b$3b4o2b$2b5o2b$2bob2obob$bob3o3b$2b4o3b$2b3obo2b$2ob3o3b$o3b3o2b$5b2obo$6b2ob$2bob5o$5b4o$6b2o! -1951291885
4b2o4b$3b4o3b$3b5o2b$bo2b2o4b$bob3o4b$b6o3b$2b3obo3b$o2b3obo2b$2bob3o3b$5b2o3b$3bo2b2obo$3bob4ob$3bob4ob$6b2o! -175222606
4b2o4b$3b4o3b$2b5o3b$4b2o4b$o2b3o4b$2b4o4b$ob3o2bo2b$3b3obo2b$bo2b4o2b$2bo2b2obob$6b2o2b$2bo2b5o$5b4ob$4bob2o! 1348112809
5b2o3b$4b4o2b$4b4o2b$2bo2b2o3b$2bob4o2b$2ob5o2b$2b4o4b$bo2b3o2bo$3bob3obo$2bobob2obo$2b4ob2ob$6b4o$4b6o$7b2ob$6bo! 935955657
4b2o4b$3b4o3b$2b5o3b$4b2obo2b$3b4o3b$2b4o4b$2b3o2bo2b$3b3o4b$2o2b3o2bo$3bob2o3b$bo4b2obo$5b4ob$5b4ob$6b2o2b$6bo! 974337180
3b2o5b$2b4o4b$2b5o3b$3b2obo3b$2b3obo3b$b4obo3b$b3o6b$ob3ob2o2b$3b3o4b$o3b2ob3o$bobob2o3b$4b5ob$4b4o2b$5b2o! -134822669
4b2o3b$3b4o2b$3b4o2b$2bob2o2bo$3b3o2bo$2b4o3b$b4o2bob$3b3o3b$3ob3o2b$2b2ob2o2b$bob2ob2ob$3b6o$5b4o$6b2o! 402856688
3b2o3b$2b4o2b$b6ob$bob2obob$ob4o2b$b7o$b3o4b$2b3obob$3b3o2b$b2ob2o2b$2b2ob2ob$3b5o$4b4o$5b2o! 2111369222
3b2o3b$2b4o2b$2b4o2b$o2b2o3b$ob4o2b$5o3b$b3o4b$2b3o3b$3b4ob$4b2o2b$3bob2ob$4b4o$4b4o$5b2o! -1147149480
4b2o3b$3b4o2b$2b5o2b$4b2obob$o2b3o3b$2b4o3b$2b3obo2b$3b3o3b$4b3o2b$3bob2obo$4bob2ob$4b5o$5b4o$6b2o! 947273096
3b2o4b$2b4o3b$2b5o2b$o2b2o4b$ob3o4b$6o3b$b3obo3b$2b3obo2b$bob3o3b$2bob2o3b$2bo2b2obo$4b4ob$4b4ob$5b2o! -1704674269
4b2o4b$3b4o3b$2b5o3b$4b2o4b$o2b3o4b$2b4o4b$2b3o2bo2b$bob3obo2b$2bob4o2b$2bo2b2obob$6b2o2b$4b6o$5b4ob$6b2o! 1070203408
3b2o3b$2b4o2b$2b4o2b$o2b2o3b$ob4o2b$6o2b$4o4b$ob3o2bo$o2b3obo$4b2obo$2bo2b2ob$4b4o$4b4o$5b2o! 429574075
4b2o4b$3b4o3b$2b5o3b$4b2obo2b$o2b4o3b$ob4o4b$ob3o2bo2b$o2b3o4b$4b3o2bo$2b2ob2o3b$6b2obo$4b5ob$5b4ob$6b2o! 2144462926
5b2o5b$4b4o4b$4b5o3b$2bo2b2obo3b$4b3obo3b$o2b4obo3b$o2b3o6b$4b3ob2o2b$2bo2b3o4b$6b2ob3o$4bo2b2o3b$6b5ob$6b4o2b$7b2o! 329590370
4b2o3b$3b4o2b$2b5o2b$4b2o2bo$2ob3o2bo$2b4o3b$2b3o2bob$2ob3o3b$2bob3o2b$2b2ob2o2b$6b2ob$4b5o$5b4o$6b2o! -286377344
3b2o3b$2b4o2b$2b5ob$o2b2obob$2b4o2b$b7o$b3o4b$2b3obob$3b3o2b$bo2b2o2b$2bo2b2ob$4b4o$4b4o$5b2o! 1510963019
3b2o3b$2b4o2b$b5o2b$3b2o3b$ob4o2b$b4o3b$b3o4b$2b3o3b$bob4ob$2bob2o2b$bo3b2ob$3b5o$4b4o$5b2o! 699132043
3b2o3b$2b4o2b$2b4o2b$o2b2obob$2b3o3b$5o3b$b3obo2b$ob3o3b$bob3o2b$2o2b2obo$2bo2b2ob$2bob4o$4b4o$5b2o! 1662303443
4b2o4b$3b4o3b$2b6o2b$4b2o4b$2ob3o4b$2b5o3b$ob3obo3b$bob3obo2b$o3b3o3b$5b2o3b$6b2obo$5b4ob$5b4ob$6b2o! 575666907
5b2o4b$4b4o3b$4b4o3b$2bo2b2o4b$4b3o4b$2ob4o4b$3b3o2bo2b$2o2b3obo2b$2b2ob4o2b$6b2obob$5bob2o2b$6b5o$6b4ob$7b2o! -27293270
6b2o3b$5b4o2b$4b5o2b$6b2o3b$2bo2b4o2b$3b6o2b$o3b3o4b$5b3o2bo$2bo3b3obo$5bob2obo$6bob2ob$6b5o$7b4o$8b2o! -1248464523
5b2o4b$4b4o3b$4b4o3b$2bo2b2obo2b$2bob4o3b$2ob4o4b$3b3o2bo2b$obob3o4b$3bob3o2bo$4bob2o3b$4bo2b2obo$6b4ob$6b4ob$7b2o! -698297696
6b2o5b$5b4o4b$4b6o3b$6b2obo3b$5b3obo3b$4b4obo3b$2o2b3o6b$2b2ob3ob2o2b$2b2o2b3o4b$4bo2b2ob3o$8b2o3b$6b6ob$7b4o2b$8b2o! 2088417841
4b2o3b$3b4o2b$3b4o2b$4b2o2bo$3b3o2bo$2b4o3b$ob3o2bob$3b3o3b$4b3o2b$bobob2o2b$3bo2b2ob$5b4o$5b4o$6b2o! 637169198
3b2o3b$2b4o2b$2b5ob$bob2obob$2b4o2b$b7o$4o4b$ob3obob$bob3o2b$bo2b2o2b$5b2ob$3b5o$4b4o$5b2o! -215069047
3b2o3b$2b4o2b$b5o2b$bob2o3b$ob4o2b$b4o3b$b3o4b$2b3o3b$o2b4ob$4b2o2b$2bo2b2ob$4b4o$4b4o$5b2o! -2107492409
3b2o3b$2b4o2b$2b4o2b$o2b2obob$ob3o3b$5o3b$b3obo2b$ob3o3b$bob3o2b$b2ob2obo$5b2ob$3b5o$4b4o$5b2o! 1962316234
4b2o4b$3b4o3b$2b6o2b$4b2o4b$o2b3o4b$2b5o3b$ob3obo3b$bob3obo2b$bo2b3o3b$2bo2b2o3b$3bo2b2obo$5b4ob$5b4ob$6b2o! -251918820
5b2o4b$4b4o3b$4b4o3b$2bo2b2o4b$2bob3o4b$2ob4o4b$3b3o2bo2b$bo2b3obo2b$5b4o2b$2bobob2obob$3bo3b2o2b$5b6o$6b4ob$7b2o! -998937483
4b2o3b$3b4o2b$2b5o2b$4b2o3b$3b4o2b$2b5o2b$ob3o4b$bob3o2bo$3ob3obo$2bo2b2obo$b3o2b2ob$3bob4o$5b4o$6b2o! 669202205
5b2o4b$4b4o3b$4b4o3b$5b2obo2b$4b4o3b$3b4o4b$3b3o2bo2b$obob3o4b$5b3o2bo$3bo2b2o3b$7b2obo$6b4ob$6b4ob$7b2o! 1348513422
4b2o5b$3b4o4b$3b5o3b$2bob2obo3b$3b3obo3b$2b4obo3b$5o6b$o2b3ob2o2b$2o2b3o4b$3bob2ob3o$4bob2o3b$5b5ob$5b4o2b$6b2o! 261426151
5b2o3b$4b4o2b$3b5o2b$3bob2o2bo$2bob3o2bo$3b4o3b$bob3o2bob$o3b3o3b$bo3b3o2b$3b2ob2o2b$4bo2b2ob$5b5o$6b4o$7b2o! 855045029
5b2o3b$4b4o2b$4b5ob$2bo2b2obob$2bob4o2b$bob7o$ob4o4b$3ob3obob$obo2b3o2b$2bo3b2o2b$7b2ob$4bob4o$6b4o$7b2o! -2006536208
6b2o3b$5b4o2b$4b5o2b$6b2o3b$2bo2b4o2b$bo2b4o3b$3b4o4b$obo2b3o3b$6b4ob$7b2o2b$4bobob2ob$6b5o$7b4o$8b2o! -137900146
6b2o3b$5b4o2b$5b4o2b$3bo2b2obob$bobob3o3b$2bob4o3b$obob3obo2b$bobob3o3b$bo4b3o2b$5bob2obo$5bo2b2ob$7b4o$7b4o$8b2o! 522562964
6b2o4b$5b4o3b$4b6o2b$6b2o4b$5b3o4b$o3b5o3b$4b3obo3b$o2bob3obo2b$4bob3o3b$7b2o3b$8b2obo$6b5ob$7b4ob$8b2o! 637859705
7b2o4b$6b4o3b$6b4o3b$7b2o4b$6b3o4b$5b4o4b$3ob4o2bo2b$4bob3obo2b$4b2ob4o2b$6bob2obob$9b2o2b$8b5o$8b4ob$9b2o! -645723129
6b2o3b$5b4o2b$5b4o2b$4bob2o3b$5b4o2b$obob5o2b$2bob3o4b$o4b3o2bo$3bo2b3obo$4b2ob2obo$6bob2ob$7b4o$7b4o$8b2o! -747815013
7b2o4b$6b4o3b$5b5o3b$5bob2obo2b$2bobob4o3b$2bo2b4o4b$2o3b3o2bo2b$2b2o2b3o4b$7b3o2bo$4bo3b2o3b$6bo2b2obo$7b5ob$8b4ob$9b2o! -1426242356
6b2o5b$5b4o4b$5b5o3b$2b2o2b2obo3b$2b2ob3obo3b$3b5obo3b$3b4o6b$o2bob3ob2o2b$2b3ob3o4b$4b2ob2ob3o$4bo3b2o3b$5bob5ob$7b4o2b$8b2o! 53521680
5b2o3b$4b4o2b$3b5o2b$5b2o2bo$b2ob3o2bo$2b5o3b$bob3o2bob$obob3o3b$o2bob3o2b$6b2o2b$7b2ob$3bob5o$6b4o$7b2o! 108045664
5b2o3b$4b4o2b$4b5ob$2bo2b2obob$4b4o2b$ob8o$o2b3o4b$4b3obob$2b2ob3o2b$4bob2o2b$4bo2b2ob$4bob4o$4bob4o$7b2o! 951817787
4b2o3b$3b4o2b$2b5o2b$4b2o3b$2ob4o2b$ob4o3b$2b3o4b$o2b3o3b$4b4ob$5b2o2b$2bo3b2ob$2bo2b4o$5b4o$4bob2o! 1382431238
5b2o3b$4b4o2b$4b4o2b$2bo2b2obob$bo2b3o3b$3b4o3b$2ob3obo2b$2bob3o3b$5b3o2b$4bob2obo$5bob2ob$6b4o$4b6o$7b2ob$6bo! -1041746714
4b2o4b$3b4o3b$2b6o2b$o3b2o4b$bob3o4b$ob5o3b$2b3obo3b$2ob3obo2b$2bob3o3b$3bob2o3b$3bo2b2obo$5b4ob$5b4ob$6b2o2b$6bo! 565975783
5b2o4b$4b4o3b$2bob4o3b$2bo2b2o4b$2o2b3o4b$3b4o4b$2ob3o2bo2b$4b3obo2b$2bo2b4o2b$3bo2b2obob$7b2o2b$5b6o$6b4ob$7b2o! -935402133
6b2o3b$5b4o2b$5b4o2b$6b2o3b$3bob4o2b$o3b5o2b$3b4o4b$2bo2b3o2bo$4bob3obo$3bobob2obo$5bo2b2ob$7b4o$7b4o$8b2o! 1954645685
5b2o4b$4b4o3b$4b4o3b$3bob2obo2b$4b4o3b$bob4o4b$2ob3o2bo2b$4b3o4b$b2o2b3o2bo$6b2o3b$7b2obo$5b5ob$6b4ob$7b2o! 134909512
4b2o5b$3b4o4b$2b6o3b$2bob2obo3b$bob3obo3b$2b4obo3b$ob3o6b$3b3ob2o2b$2bob3o4b$5b2ob3o$6b2o3b$5b5ob$5b4o2b$6b2o! 1894003048
4b2o3b$3b4o2b$3b4o2b$bo2b2o2bo$bob3o2bo$ob4o3b$b4o2bob$bob3o3b$4b3o2b$3bob2o2b$4bob2ob$5b4o$5b4o$6b2o! 1552731463
4b2o3b$3b4o2b$2b6ob$4b2obob$o2b4o2b$ob7o$ob3o4b$3b3obob$2bob3o2b$3bob2o2b$3bo2b2ob$4b5o$5b4o$6b2o! -945352013
5b2o3b$4b4o2b$4b4o2b$2bo2b2o3b$4b4o2b$o2b4o3b$3b3o4b$2bob3o3b$3bob4ob$3bo2b2o2b$7b2ob$4bob4o$6b4o$7b2o! -470739096
4b2o3b$3b4o2b$2b5o2b$4b2obob$2ob3o3b$2b4o3b$5obo2b$bob3o3b$bo2b3o2b$5b2obo$2b3ob2ob$4b5o$5b4o$6b2o! 871195572
5b2o4b$4b4o3b$4b5o2b$2bo2b2o4b$4b3o4b$o2b5o3b$3b3obo3b$4b3obo2b$5b3o3b$2b2o2b2o3b$7b2obo$6b4ob$6b4ob$7b2o! -345558888
4b2o4b$3b4o3b$2b5o3b$4b2o4b$2ob3o4b$2b4o4b$2b3o2bo2b$3b3obo2b$2bob4o2b$3bob2obob$4bob2o2b$5b5o$5b4ob$6b2o! 505545387
3b2o3b$2b4o2b$2b4o2b$o2b2o3b$2b4o2b$b5o2b$b3o4b$ob3o2bo$bob3obo$bo2b2obo$2bo2b2ob$3b5o$4b4o$5b2o! -1633759908
3b2o4b$2b4o3b$b5o3b$3b2obo2b$ob4o3b$b4o4b$4o2bo2b$ob3o4b$o2b3o2bo$4b2o3b$bo3b2obo$2bob4ob$4b4ob$5b2o! 565351866
4b2o5b$3b4o4b$3b5o3b$bo2b2obo3b$3b3obo3b$ob4obo3b$2b3o6b$o2b3ob2o2b$4b3o4b$b3ob2ob3o$3b2ob2o3b$2bob6ob$5b4o2b$6b2o! 764650147
5b2o3b$4b4o2b$3b5o2b$5b2o2bo$bo2b3o2bo$2b5o3b$2ob3o2bob$2bob3o3b$b2o2b3o2b$6b2o2b$4b2ob2ob$6b4o$4bob4o$7b2o! -1210255886
3b2o3b$2b4o2b$2b5ob$o2b2obob$ob4o2b$b7o$b3o4b$2b3obob$o2b3o2b$bo2b2o2b$5b2ob$b2ob4o$3b5o$3bob2o! -1580141218
3b2o3b$2b4o2b$b5o2b$3b2o3b$2b4o2b$5o3b$b3o4b$ob3o3b$bob4ob$obob2o2b$2obob2ob$4b4o$4b4o$5b2ob$4bo! -1831612873
4b2o3b$3b4o2b$3b4o2b$4b2obob$3b3o3b$2b4o3b$ob3obo2b$bob3o3b$2o2b3o2b$5b2obo$bobo2b2ob$3b6o$5b4o$4bob2ob$6bo! -1547846951
5b2o4b$4b4o3b$4b5o2b$3bob2o4b$4b3o4b$3b5o3b$3b3obo3b$o3b3obo2b$2bo2b3o3b$2b3ob2o3b$3bo3b2obo$4bob4ob$6b4ob$7b2o! 1943290114
4b2o4b$3b4o3b$2b5o3b$2bob2o4b$bob3o4b$2b4o4b$2b3o2bo2b$2ob3obo2b$o3b4o2b$5b2obob$6b2o2b$2bob6o$5b4ob$6b2o! -396445901
4b2o3b$3b4o2b$3b4o2b$bo2b2o3b$bob4o2b$b6o2b$2b3o4b$o2b3o2bo$2bob3obo$5b2obo$3bo2b2ob$3bob4o$3bob4o$6b2o! 444754648
4b2o4b$3b4o3b$2b5o3b$4b2obo2b$o2b4o3b$2b4o4b$ob3o2bo2b$3b3o4b$bo2b3o2bo$2bo2b2o3b$6b2obo$2bo2b4ob$5b4ob$4bob2o! -494666621
5b2o5b$4b4o4b$4b5o3b$2bo2b2obo3b$2bob3obo3b$2ob4obo3b$2b4o6b$bo2b3ob2o2b$3bob3o4b$2bobob2ob3o$2b4ob2o3b$6b5ob$4b6o2b$7b2o3b$6bo! -1644079139
4b2o3b$3b4o2b$2b5o2b$4b2o2bo$3b3o2bo$2b4o3b$2b3o2bob$3b3o3b$2o2b3o2b$3bob2o2b$bo4b2ob$5b4o$5b4o$6b2ob$6bo! 1720201361
3b2o3b$2b4o2b$2b5ob$3b2obob$2b4o2b$b7o$b3o4b$ob3obob$3b3o2b$o3b2o2b$bobob2ob$4b4o$4b4o$5b2o! 995469659
4b2o3b$3b4o2b$3b4o2b$2bob2o3b$3b4o2b$2b4o3b$b4o4b$3b3o3b$3ob4ob$2b2ob2o2b$bob2ob2ob$3b6o$5b4o$6b2o! -2126926278
3b2o3b$2b4o2b$b5o2b$bob2obob$ob3o3b$b4o3b$b3obo2b$2b3o3b$3b3o2b$b2ob2obo$2b2ob2ob$3b5o$4b4o$5b2o! -618428058
3b2o4b$2b4o3b$2b5o2b$o2b2o4b$ob3o4b$6o3b$b3obo3b$2b3obo2b$3b3o3b$4b2o3b$3bob2obo$4b4ob$4b4ob$5b2o! -1617731016
4b2o4b$3b4o3b$2b5o3b$4b2o4b$o2b3o4b$2b4o4b$2b3o2bo2b$3b3obo2b$4b4o2b$3bob2obob$4bob2o2b$4b6o$5b4ob$6b2o! -153889384
3b2o3b$2b4o2b$2b4o2b$o2b2o3b$ob4o2b$6o2b$b3o4b$2b3o2bo$bob3obo$2bob2obo$2bo2b2ob$4b4o$4b4o$5b2o! -2040086593
4b2o4b$3b4o3b$2b5o3b$4b2obo2b$o2b4o3b$2b4o4b$2b3o2bo2b$bob3o4b$2bob3o2bo$2bo2b2o3b$6b2obo$4b5ob$5b4ob$6b2o! 2040990500
3b2o5b$2b4o4b$2b5o3b$o2b2obo3b$ob3obo3b$5obo3b$4o6b$ob3ob2o2b$o2b3o4b$4b2ob3o$2bo2b2o3b$4b5ob$4b4o2b$5b2o! -257023101
4b2o3b$3b4o2b$2b5o2b$4b2o2bo$o2b3o2bo$ob4o3b$ob3o2bob$o2b3o3b$4b3o2b$2b2ob2o2b$6b2ob$4b5o$5b4o$6b2o! 2017866575
5b2o3b$4b4o2b$4b5ob$2bo2b2obob$4b4o2b$o2b7o$o2b3o4b$4b3obob$2bo2b3o2b$6b2o2b$4bo2b2ob$6b4o$6b4o$7b2o! -290468494
4b2o3b$3b4o2b$2b5o2b$4b2o3b$2ob4o2b$2b4o3b$2b3o4b$2ob3o3b$2bob4ob$2b2ob2o2b$6b2ob$4b5o$5b4o$6b2o! 193238068
3b2o3b$2b4o2b$2b4o2b$o2b2obob$2b3o3b$b4o3b$b3obo2b$2b3o3b$3b3o2b$bo2b2obo$2bo2b2ob$4b4o$4b4o$5b2o! 1774719999
3b2o4b$2b4o3b$b6o2b$3b2o4b$ob3o4b$b5o3b$b3obo3b$2b3obo2b$bob3o3b$2bob2o3b$bo3b2obo$3b5ob$4b4ob$5b2o! 1183424493
3b2o4b$2b4o3b$2b4o3b$o2b2o4b$2b3o4b$5o4b$b3o2bo2b$ob3obo2b$bob4o2b$2o2b2obob$2bo2b2o2b$2bob5o$4b4ob$5b2o! 146805953
4b2o3b$3b4o2b$2b5o2b$4b2o3b$2ob4o2b$2b5o2b$ob3o4b$bob3o2bo$o3b3obo$5b2obo$6b2ob$5b4o$5b4o$6b2o! 287284767
5b2o4b$4b4o3b$4b4o3b$2bo2b2obo2b$4b4o3b$2ob4o4b$3b3o2bo2b$2o2b3o4b$2b2ob3o2bo$6b2o3b$5bob2obo$6b4ob$6b4ob$7b2o! -1813976042
6b2o5b$5b4o4b$4b6o3b$6b2obo3b$2bo2b3obo3b$3b5obo3b$o3b3o6b$5b3ob2o2b$2bo3b3o4b$5bob2ob3o$6bob2o3b$6b6ob$7b4o2b$8b2o! 649400624
5b2o3b$4b4o2b$4b4o2b$2bo2b2o2bo$2bob3o2bo$2ob4o3b$3b3o2bob$obob3o3b$3bob3o2b$4bob2o2b$4bo2b2ob$6b4o$6b4o$7b2o! 1072670871
6b2o3b$5b4o2b$4b6ob$6b2obob$5b4o2b$4b7o$2o2b3o4b$2b2ob3obob$2b2o2b3o2b$4bo2b2o2b$8b2ob$6b5o$7b4o$8b2o! 4997162
4b2o3b$3b4o2b$3b4o2b$4b2o3b$3b4o2b$2b4o3b$ob3o4b$3b3o3b$4b4ob$bobob2o2b$3bo2b2ob$5b4o$5b4o$6b2o! -1136036960
3b2o3b$2b4o2b$2b4o2b$bob2obob$2b3o3b$b4o3b$4obo2b$ob3o3b$bob3o2b$bo2b2obo$5b2ob$3b5o$4b4o$5b2o! 1811356359
3b2o4b$2b4o3b$b6o2b$bob2o4b$ob3o4b$b5o3b$b3obo3b$2b3obo2b$o2b3o3b$4b2o3b$2bo2b2obo$4b4ob$4b4ob$5b2o! -513253525
3b2o4b$2b4o3b$2b4o3b$o2b2o4b$ob3o4b$5o4b$b3o2bo2b$ob3obo2b$bob4o2b$b2ob2obob$5b2o2b$3b6o$4b4ob$5b2o! -1635325022
4b2o3b$3b4o2b$2b5o2b$4b2o3b$o2b4o2b$2b5o2b$ob3o4b$bob3o2bo$bo2b3obo$2bo2b2obo$3bo2b2ob$5b4o$5b4o$6b2o! 1786604574
5b2o4b$4b4o3b$4b4o3b$2bo2b2obo2b$2bob4o3b$2ob4o4b$3b3o2bo2b$bo2b3o4b$5b3o2bo$2bobob2o3b$3bo3b2obo$5b5ob$6b4ob$7b2o! 63021999
4b2o5b$3b4o4b$2b6o3b$4b2obo3b$3b3obo3b$2b4obo3b$ob3o6b$bob3ob2o2b$3ob3o4b$2bo2b2ob3o$b3o2b2o3b$3bob5ob$5b4o2b$6b2o! 1874998200
5b2o3b$4b4o2b$4b4o2b$5b2o2bo$4b3o2bo$3b4o3b$3b3o2bob$obob3o3b$5b3o2b$3bo2b2o2b$7b2ob$6b4o$6b4o$7b2o! 1293049097
4b2o3b$3b4o2b$3b5ob$2bob2obob$3b4o2b$2b7o$5o4b$o2b3obob$2o2b3o2b$3bob2o2b$4bob2ob$5b4o$5b4o$6b2o! 87490626
5b2o3b$4b4o2b$3b5o2b$3bob2o3b$2bob4o2b$3b4o3b$bob3o4b$o3b3o3b$bo3b4ob$3b2ob2o2b$4bo2b2ob$5b5o$6b4o$7b2o! -85216466
5b2o3b$4b4o2b$4b4o2b$2bo2b2obob$2bob3o3b$bob4o3b$ob4obo2b$3ob3o3b$obo2b3o2b$2bo3b2obo$7b2ob$4bob4o$6b4o$7b2o! 35411938
6b2o4b$5b4o3b$4b6o2b$6b2o4b$2bo2b3o4b$bo2b5o3b$3b4obo3b$obo2b3obo2b$6b3o3b$7b2o3b$4bobob2obo$6b5ob$7b4ob$8b2o! 1885856005
6b2o4b$5b4o3b$5b4o3b$3bo2b2o4b$bobob3o4b$2bob4o4b$obob3o2bo2b$bobob3obo2b$bo4b4o2b$5bob2obob$5bo2b2o2b$7b5o$7b4ob$8b2o! -1406441096
6b2o3b$5b4o2b$4b5o2b$6b2o3b$5b4o2b$o3b5o2b$4b3o4b$o2bob3o2bo$4bob3obo$7b2obo$8b2ob$6b5o$7b4o$8b2o! -1340568905
7b2o4b$6b4o3b$6b4o3b$7b2obo2b$6b4o3b$5b4o4b$3ob4o2bo2b$4bob3o4b$4b2ob3o2bo$6bob2o3b$9b2obo$8b4ob$8b4ob$9b2o! 1214052761
6b2o5b$5b4o4b$5b5o3b$4bob2obo3b$5b3obo3b$obob4obo3b$2bob3o6b$o4b3ob2o2b$3bo2b3o4b$4b2ob2ob3o$6bob2o3b$7b5ob$7b4o2b$8b2o! -188248594
7b2o3b$6b4o2b$5b5o2b$5bob2o2bo$2bobob3o2bo$2bo2b4o3b$2o3b3o2bob$2b2o2b3o3b$7b3o2b$4bo3b2o2b$6bo2b2ob$7b5o$8b4o$9b2o! -1444374289
6b2o3b$5b4o2b$5b5ob$2b2o2b2obob$2b2ob4o2b$3b8o$3b4o4b$o2bob3obob$2b3ob3o2b$4b2ob2o2b$4bo3b2ob$5bob4o$7b4o$8b2o! -934601523
5b2o3b$4b4o2b$3b5o2b$5b2o3b$b2ob4o2b$2b5o3b$bob3o4b$obob3o3b$o2bob4ob$6b2o2b$7b2ob$3bob5o$6b4o$7b2o! -543756853
5b2o3b$4b4o2b$4b4o2b$2bo2b2obob$4b3o3b$ob5o3b$o2b3obo2b$4b3o3b$2b2ob3o2b$4bob2obo$4bo2b2ob$4bob4o$4bob4o$7b2o! -433973213
4b2o4b$3b4o3b$2b6o2b$4b2o4b$2ob3o4b$ob5o3b$2b3obo3b$o2b3obo2b$4b3o3b$5b2o3b$2bo3b2obo$2bo2b4ob$5b4ob$4bob2o! -1138867287
5b2o4b$4b4o3b$4b4o3b$2bo2b2o4b$bo2b3o4b$3b4o4b$2ob3o2bo2b$2bob3obo2b$5b4o2b$4bob2obob$5bob2o2b$6b5o$4b6ob$7b2o2b$6bo! 474797632
4b2o3b$3b4o2b$2b5o2b$o3b2o3b$bob4o2b$ob5o2b$2b3o4b$2ob3o2bo$2bob3obo$3bob2obo$3bo2b2ob$5b4o$5b4o$6b2ob$6bo! -760291343
5b2o4b$4b4o3b$2bob4o3b$2bo2b2obo2b$2o2b4o3b$3b4o4b$2ob3o2bo2b$4b3o4b$2bo2b3o2bo$3bo2b2o3b$7b2obo$5b5ob$6b4ob$7b2o! 1461930323
6b2o5b$5b4o4b$5b5o3b$6b2obo3b$3bob3obo3b$o3b4obo3b$3b4o6b$2bo2b3ob2o2b$4bob3o4b$3bobob2ob3o$5bo2b2o3b$7b5ob$7b4o2b$8b2o! 466065876
5b2o3b$4b4o2b$4b4o2b$3bob2o2bo$4b3o2bo$bob4o3b$2ob3o2bob$4b3o3b$b2o2b3o2b$6b2o2b$7b2ob$5b5o$6b4o$7b2o! 26807945
4b2o3b$3b4o2b$2b6ob$2bob2obob$bob4o2b$2b7o$ob3o4b$3b3obob$2bob3o2b$5b2o2b$6b2ob$5b4o$5b4o$6b2o! -2041312323
4b2o3b$3b4o2b$3b4o2b$bo2b2o3b$bob4o2b$ob4o3b$b4o4b$bob3o3b$4b4ob$3bob2o2b$4bob2ob$5b4o$5b4o$6b2o! 830030549
4b2o3b$3b4o2b$2b5o2b$4b2obob$o2b3o3b$ob4o3b$ob3obo2b$3b3o3b$2bob3o2b$3bob2obo$3bo2b2ob$4b5o$5b4o$6b2o! -555387335
5b2o4b$4b4o3b$4b5o2b$2bo2b2o4b$4b3o4b$o2b5o3b$3b3obo3b$2bob3obo2b$3bob3o3b$3bo2b2o3b$7b2obo$4bob4ob$6b4ob$7b2o! -1160532490
4b2o4b$3b4o3b$2b5o3b$4b2o4b$2ob3o4b$2b4o4b$5o2bo2b$bob3obo2b$bo2b4o2b$5b2obob$2b3ob2o2b$4b6o$5b4ob$6b2o! -1352783038
5b2o3b$4b4o2b$4b4o2b$2bo2b2o3b$4b4o2b$o2b5o2b$3b3o4b$4b3o2bo$5b3obo$2b2o2b2obo$7b2ob$6b4o$6b4o$7b2o! 1212486572
4b2o4b$3b4o3b$2b5o3b$4b2obo2b$2ob4o3b$2b4o4b$2b3o2bo2b$3b3o4b$2bob3o2bo$3bob2o3b$4bob2obo$5b4ob$5b4ob$6b2o! -637224373
3b2o5b$2b4o4b$2b5o3b$o2b2obo3b$2b3obo3b$b4obo3b$b3o6b$ob3ob2o2b$bob3o4b$bo2b2ob3o$2bo2b2o3b$3b6ob$4b4o2b$5b2o! 1002223402
3b2o3b$2b4o2b$b5o2b$3b2o2bo$ob3o2bo$b4o3b$4o2bob$ob3o3b$o2b3o2b$4b2o2b$bo3b2ob$2bob4o$4b4o$5b2o! 882092293
4b2o3b$3b4o2b$3b5ob$bo2b2obob$3b4o2b$ob7o$2b3o4b$o2b3obob$4b3o2b$b3ob2o2b$3b2ob2ob$2bob5o$5b4o$6b2o! 1970718100
5b2o3b$4b4o2b$3b5o2b$5b2o3b$bo2b4o2b$2b5o3b$2ob3o4b$2bob3o3b$b2o2b4ob$6b2o2b$4b2ob2ob$6b4o$4bob4o$7b2o! 441127223
3b2o3b$2b4o2b$2b4o2b$o2b2obob$ob3o3b$b4o3b$b3obo2b$2b3o3b$o2b3o2b$bo2b2obo$5b2ob$b2ob4o$3b5o$3bob2o! 510764858
3b2o4b$2b4o3b$b6o2b$3b2o4b$2b3o4b$6o3b$b3obo3b$ob3obo2b$bob3o3b$obob2o3b$2obob2obo$4b4ob$4b4ob$5b2o2b$4bo! -720506007
4b2o4b$3b4o3b$3b4o3b$4b2o4b$3b3o4b$2b4o4b$ob3o2bo2b$bob3obo2b$2o2b4o2b$5b2obob$bobo2b2o2b$3b7o$5b4ob$4bob2o2b$6bo! -1765752601
5b2o3b$4b4o2b$4b4o2b$3bob2o3b$4b4o2b$3b5o2b$3b3o4b$o3b3o2bo$2bo2b3obo$2b3ob2obo$3bo3b2ob$4bob4o$6b4o$7b2o! -195740848
4b2o4b$3b4o3b$2b5o3b$2bob2obo2b$bob4o3b$2b4o4b$2b3o2bo2b$2ob3o4b$o3b3o2bo$5b2o3b$6b2obo$2bob5ob$5b4ob$6b2o! 459421453
4b2o5b$3b4o4b$3b5o3b$bo2b2obo3b$bob3obo3b$b5obo3b$2b3o6b$o2b3ob2o2b$2bob3o4b$5b2ob3o$3bo2b2o3b$3bob5ob$3bob4o2b$6b2o! 1788500587
4b2o3b$3b4o2b$2b5o2b$4b2o2bo$o2b3o2bo$2b4o3b$ob3o2bob$3b3o3b$bo2b3o2b$2bo2b2o2b$6b2ob$2bo2b4o$5b4o$4bob2o! 1461231722
5b2o3b$4b4o2b$4b5ob$2bo2b2obob$2bob4o2b$2ob7o$2b4o4b$bo2b3obob$3bob3o2b$2bobob2o2b$2b4ob2ob$6b4o$4b6o$7b2ob$6bo! 1415209117
4b2o3b$3b4o2b$2b5o2b$4b2o3b$3b4o2b$2b4o3b$2b3o4b$3b3o3b$2o2b4ob$3bob2o2b$bo4b2ob$5b4o$5b4o$6b2ob$6bo! 2068809207
3b2o3b$2b4o2b$2b4o2b$3b2obob$2b3o3b$b4o3b$b3obo2b$ob3o3b$3b3o2b$o3b2obo$bobob2ob$4b4o$4b4o$5b2o! 1542315597
4b2o4b$3b4o3b$3b5o2b$2bob2o4b$3b3o4b$2b5o3b$b4obo3b$3b3obo2b$3ob3o3b$2b2ob2o3b$bob2ob2obo$3b6ob$5b4ob$6b2o! -1375382877
3b2o4b$2b4o3b$b5o3b$bob2o4b$ob3o4b$b4o4b$b3o2bo2b$2b3obo2b$3b4o2b$b2ob2obob$2b2ob2o2b$3b6o$4b4ob$5b2o! 363117200
3b2o3b$2b4o2b$2b4o2b$o2b2o3b$ob4o2b$6o2b$b3o4b$2b3o2bo$3b3obo$4b2obo$3bob2ob$4b4o$4b4o$5b2o! -1272815374
4b2o4b$3b4o3b$2b5o3b$4b2obo2b$o2b4o3b$2b4o4b$2b3o2bo2b$3b3o4b$4b3o2bo$3bob2o3b$4bob2obo$4b5ob$5b4ob$6b2o! -2053818588
3b2o5b$2b4o4b$2b5o3b$o2b2obo3b$ob3obo3b$5obo3b$b3o6b$2b3ob2o2b$bob3o4b$2bob2ob3o$2bo2b2o3b$4b5ob$4b4o2b$5b2o! 830576127
4b2o3b$3b4o2b$2b5o2b$4b2o2bo$o2b3o2bo$2b4o3b$2b3o2bob$bob3o3b$2bob3o2b$2bo2b2o2b$6b2ob$4b5o$5b4o$6b2o! 1688196243
3b2o3b$2b4o2b$2b5ob$o2b2obob$ob4o2b$8o$4o4b$ob3obob$o2b3o2b$4b2o2b$2bo2b2ob$4b4o$4b4o$5b2o! -1407693415
4b2o3b$3b4o2b$2b5o2b$4b2o3b$o2b4o2b$ob4o3b$ob3o4b$o2b3o3b$4b4ob$2b2ob2o2b$6b2ob$4b5o$5b4o$6b2o! 1253518079
5b2o3b$4b4o2b$4b4o2b$2bo2b2obob$4b3o3b$o2b4o3b$o2b3obo2b$4b3o3b$2bo2b3o2b$6b2obo$4bo2b2ob$6b4o$6b4o$7b2o! 1715931324
4b2o4b$3b4o3b$2b6o2b$4b2o4b$2ob3o4b$2b5o3b$2b3obo3b$2ob3obo2b$2bob3o3b$2b2ob2o3b$6b2obo$4b5ob$5b4ob$6b2o! 228213145
3b2o4b$2b4o3b$2b4o3b$o2b2o4b$2b3o4b$b4o4b$b3o2bo2b$2b3obo2b$3b4o2b$bo2b2obob$2bo2b2o2b$4b5o$4b4ob$5b2o! 1976515661
3b2o3b$2b4o2b$b5o2b$3b2o3b$ob4o2b$b5o2b$b3o4b$2b3o2bo$bob3obo$2bob2obo$bo3b2ob$3b5o$4b4o$5b2o! -953059885
3b2o4b$2b4o3b$2b4o3b$o2b2obo2b$2b4o3b$5o4b$b3o2bo2b$ob3o4b$bob3o2bo$2o2b2o3b$2bo2b2obo$2bob4ob$4b4ob$5b2o! 2016392481
4b2o5b$3b4o4b$2b6o3b$4b2obo3b$2ob3obo3b$2b4obo3b$ob3o6b$bob3ob2o2b$o3b3o4b$5b2ob3o$6b2o3b$5b5ob$5b4o2b$6b2o! 586949262
5b2o3b$4b4o2b$4b4o2b$2bo2b2o2bo$4b3o2bo$2ob4o3b$3b3o2bob$2o2b3o3b$2b2ob3o2b$6b2o2b$5bob2ob$6b4o$6b4o$7b2o! -1788553865
6b2o3b$5b4o2b$4b6ob$6b2obob$2bo2b4o2b$3b8o$o3b3o4b$5b3obob$2bo3b3o2b$5bob2o2b$6bob2ob$6b5o$7b4o$8b2o! -873283987
5b2o3b$4b4o2b$4b4o2b$2bo2b2o3b$2bob4o2b$2ob4o3b$3b3o4b$obob3o3b$3bob4ob$4bob2o2b$4bo2b2ob$6b4o$6b4o$7b2o! -1501817448
6b2o3b$5b4o2b$4b5o2b$6b2obob$5b3o3b$4b4o3b$2o2b3obo2b$2b2ob3o3b$2b2o2b3o2b$4bo2b2obo$8b2ob$6b5o$7b4o$8b2o! 1747768082
4b2o4b$3b4o3b$3b5o2b$4b2o4b$3b3o4b$2b5o3b$ob3obo3b$3b3obo2b$4b3o3b$bobob2o3b$3bo2b2obo$5b4ob$5b4ob$6b2o! -412100177
3b2o4b$2b4o3b$2b4o3b$bob2o4b$2b3o4b$b4o4b$4o2bo2b$ob3obo2b$bob4o2b$bo2b2obob$5b2o2b$3b6o$4b4ob$5b2o! -862591349
3b2o3b$2b4o2b$b5o2b$bob2o3b$ob4o2b$b5o2b$b3o4b$2b3o2bo$o2b3obo$4b2obo$2bo2b2ob$4b4o$4b4o$5b2o! -992885115
3b2o4b$2b4o3b$2b4o3b$o2b2obo2b$ob4o3b$5o4b$b3o2bo2b$ob3o4b$bob3o2bo$b2ob2o3b$5b2obo$3b5ob$4b4ob$5b2o! 1797884608
4b2o5b$3b4o4b$2b6o3b$4b2obo3b$o2b3obo3b$2b4obo3b$ob3o6b$bob3ob2o2b$bo2b3o4b$2bo2b2ob3o$3bo2b2o3b$5b5ob$5b4o2b$6b2o! 837104211
5b2o3b$4b4o2b$4b4o2b$2bo2b2o2bo$2bob3o2bo$2ob4o3b$3b3o2bob$bo2b3o3b$5b3o2b$2bobob2o2b$3bo3b2ob$5b5o$6b4o$7b2o! 1592660416
4b2o3b$3b4o2b$2b6ob$4b2obob$3b4o2b$2b7o$ob3o4b$bob3obob$3ob3o2b$2bo2b2o2b$b3o2b2ob$3bob4o$5b4o$6b2o! 164934175
5b2o3b$4b4o2b$4b4o2b$5b2o3b$4b4o2b$3b4o3b$3b3o4b$obob3o3b$5b4ob$3bo2b2o2b$7b2ob$6b4o$6b4o$7b2o! -893186
4b2o3b$3b4o2b$3b4o2b$2bob2obob$3b3o3b$2b4o3b$5obo2b$o2b3o3b$2o2b3o2b$3bob2obo$4bob2ob$5b4o$5b4o$6b2o! 712327486
5b2o4b$4b4o3b$3b6o2b$3bob2o4b$2bob3o4b$3b5o3b$bob3obo3b$o3b3obo2b$bo3b3o3b$3b2ob2o3b$4bo2b2obo$5b5ob$6b4ob$7b2o! -621929394
5b2o4b$4b4o3b$4b4o3b$2bo2b2o4b$2bob3o4b$bob4o4b$ob4o2bo2b$3ob3obo2b$obo2b4o2b$2bo3b2obob$7b2o2b$4bob5o$6b4ob$7b2o! -151667340
6b2o3b$5b4o2b$4b5o2b$6b2o3b$2bo2b4o2b$bo2b5o2b$3b4o4b$obo2b3o2bo$6b3obo$7b2obo$4bobob2ob$6b5o$7b4o$8b2o! 427185749
6b2o4b$5b4o3b$5b4o3b$3bo2b2obo2b$bobob4o3b$2bob4o4b$obob3o2bo2b$bobob3o4b$bo4b3o2bo$5bob2o3b$5bo2b2obo$7b4ob$7b4ob$8b2o! 1007216832
6b2o5b$5b4o4b$4b6o3b$6b2obo3b$5b3obo3b$o3b4obo3b$4b3o6b$o2bob3ob2o2b$4bob3o4b$7b2ob3o$8b2o3b$6b6ob$7b4o2b$8b2o! -819825716
7b2o3b$6b4o2b$6b4o2b$7b2o2bo$6b3o2bo$5b4o3b$3ob4o2bob$4bob3o3b$4b2ob3o2b$6bob2o2b$9b2ob$8b4o$8b4o$9b2o! 859482614
6b2o3b$5b4o2b$5b5ob$4bob2obob$5b4o2b$obob7o$2bob3o4b$o4b3obob$3bo2b3o2b$4b2ob2o2b$6bob2ob$7b4o$7b4o$8b2o! 2098842179
7b2o3b$6b4o2b$5b5o2b$5bob2o3b$2bobob4o2b$2bo2b4o3b$2o3b3o4b$2b2o2b3o3b$7b4ob$4bo3b2o2b$6bo2b2ob$7b5o$8b4o$9b2o! -1495141572
6b2o3b$5b4o2b$5b4o2b$2b2o2b2obob$2b2ob3o3b$3b5o3b$3b4obo2b$o2bob3o3b$2b3ob3o2b$4b2ob2obo$4bo3b2ob$5bob4o$7b4o$8b2o! 1059339429
5b2o4b$4b4o3b$3b6o2b$5b2o4b$b2ob3o4b$2b6o3b$bob3obo3b$obob3obo2b$o2bob3o3b$6b2o3b$7b2obo$3bob5ob$6b4ob$7b2o! 375798623
5b2o4b$4b4o3b$4b4o3b$2bo2b2o4b$4b3o4b$ob5o4b$o2b3o2bo2b$4b3obo2b$2b2ob4o2b$4bob2obob$4bo2b2o2b$4bob5o$4bob4ob$7b2o! -1306411151
4b2o3b$3b4o2b$2b5o2b$4b2o3b$2ob4o2b$ob5o2b$2b3o4b$o2b3o2bo$4b3obo$5b2obo$2bo3b2ob$2bo2b4o$5b4o$4bob2o! -651150891
5b2o4b$4b4o3b$4b4o3b$2bo2b2obo2b$bo2b4o3b$3b4o4b$2ob3o2bo2b$2bob3o4b$5b3o2bo$4bob2o3b$5bob2obo$6b4ob$4b6ob$7b2o2b$6bo! -1645581854
4b2o5b$3b4o4b$2b6o3b$o3b2obo3b$bob3obo3b$ob4obo3b$2b3o6b$2ob3ob2o2b$2bob3o4b$3bob2ob3o$3bo2b2o3b$5b5ob$5b4o2b$6b2o3b$6bo! -2027729548
5b2o3b$4b4o2b$2bob4o2b$2bo2b2o2bo$2o2b3o2bo$3b4o3b$2ob3o2bob$4b3o3b$2bo2b3o2b$3bo2b2o2b$7b2ob$5b5o$6b4o$7b2o! 1917531684
6b2o3b$5b4o2b$5b5ob$6b2obob$3bob4o2b$o3b7o$3b4o4b$2bo2b3obob$4bob3o2b$3bobob2o2b$5bo2b2ob$7b4o$7b4o$8b2o! 735768959
5b2o3b$4b4o2b$4b4o2b$3bob2o3b$4b4o2b$bob4o3b$2ob3o4b$4b3o3b$b2o2b4ob$6b2o2b$7b2ob$5b5o$6b4o$7b2o! 2101458260
4b2o3b$3b4o2b$2b5o2b$2bob2obob$bob3o3b$2b4o3b$ob3obo2b$3b3o3b$2bob3o2b$5b2obo$6b2ob$5b4o$5b4o$6b2o! 2118363249
4b2o4b$3b4o3b$3b5o2b$bo2b2o4b$bob3o4b$ob5o3b$b4obo3b$bob3obo2b$4b3o3b$3bob2o3b$4bob2obo$5b4ob$5b4ob$6b2o! -1068981244
4b2o4b$3b4o3b$2b5o3b$4b2o4b$o2b3o4b$ob4o4b$ob3o2bo2b$3b3obo2b$2bob4o2b$3bob2obob$3bo2b2o2b$4b6o$5b4ob$6b2o! -1553771337
5b2o3b$4b4o2b$4b4o2b$2bo2b2o3b$4b4o2b$o2b5o2b$3b3o4b$2bob3o2bo$3bob3obo$3bo2b2obo$7b2ob$4bob4o$6b4o$7b2o! -1095531572
4b2o4b$3b4o3b$2b5o3b$4b2obo2b$2ob4o3b$2b4o4b$5o2bo2b$bob3o4b$bo2b3o2bo$5b2o3b$2b3ob2obo$4b5ob$5b4ob$6b2o! 675268206
5b2o5b$4b4o4b$4b5o3b$2bo2b2obo3b$4b3obo3b$o2b4obo3b$3b3o6b$4b3ob2o2b$5b3o4b$2b2o2b2ob3o$7b2o3b$6b5ob$6b4o2b$7b2o! 511670394
4b2o3b$3b4o2b$2b5o2b$4b2o2bo$2ob3o2bo$2b4o3b$2b3o2bob$3b3o3b$2bob3o2b$3bob2o2b$4bob2ob$5b4o$5b4o$6b2o! 274636692
3b2o3b$2b4o2b$2b5ob$o2b2obob$2b4o2b$b7o$b3o4b$ob3obob$bob3o2b$bo2b2o2b$2bo2b2ob$3b5o$4b4o$5b2o! -1428509642
3b2o3b$2b4o2b$b5o2b$3b2o3b$ob4o2b$b4o3b$4o4b$ob3o3b$o2b4ob$4b2o2b$bo3b2ob$2bob4o$4b4o$5b2o! -374537056
4b2o3b$3b4o2b$3b4o2b$bo2b2obob$3b3o3b$ob4o3b$2b3obo2b$o2b3o3b$4b3o2b$b3ob2obo$3b2ob2ob$2bob5o$5b4o$6b2o! 2089342410
5b2o4b$4b4o3b$3b6o2b$5b2o4b$bo2b3o4b$2b6o3b$2ob3obo3b$2bob3obo2b$b2o2b3o3b$6b2o3b$4b2ob2obo$6b4ob$4bob4ob$7b2o! 756784599
3b2o4b$2b4o3b$2b4o3b$o2b2o4b$ob3o4b$b4o4b$b3o2bo2b$2b3obo2b$o2b4o2b$bo2b2obob$5b2o2b$b2ob5o$3b5ob$3bob2o! 587091396
3b2o3b$2b4o2b$b5o2b$3b2o3b$2b4o2b$6o2b$b3o4b$ob3o2bo$bob3obo$obob2obo$2obob2ob$4b4o$4b4o$5b2ob$4bo! -1708800587
4b2o4b$3b4o3b$3b4o3b$4b2obo2b$3b4o3b$2b4o4b$ob3o2bo2b$bob3o4b$2o2b3o2bo$5b2o3b$bobo2b2obo$3b6ob$5b4ob$4bob2o2b$6bo! 1731134559
5b2o5b$4b4o4b$4b5o3b$3bob2obo3b$4b3obo3b$3b4obo3b$3b3o6b$o3b3ob2o2b$2bo2b3o4b$2b3ob2ob3o$3bo3b2o3b$4bob5ob$6b4o2b$7b2o! 1430043140
4b2o3b$3b4o2b$2b5o2b$2bob2o2bo$bob3o2bo$2b4o3b$2b3o2bob$2ob3o3b$o3b3o2b$5b2o2b$6b2ob$2bob5o$5b4o$6b2o! 1886764904
4b2o3b$3b4o2b$3b5ob$bo2b2obob$bob4o2b$b8o$2b3o4b$o2b3obob$2bob3o2b$5b2o2b$3bo2b2ob$3bob4o$3bob4o$6b2o! -1373338860
4b2o3b$3b4o2b$2b5o2b$4b2o3b$o2b4o2b$2b4o3b$ob3o4b$3b3o3b$bo2b4ob$2bo2b2o2b$6b2ob$2bo2b4o$5b4o$4bob2o! -1102965878
5b2o3b$4b4o2b$4b4o2b$2bo2b2obob$2bob3o3b$2ob4o3b$2b4obo2b$bo2b3o3b$3bob3o2b$2bobob2obo$2b4ob2ob$6b4o$4b6o$7b2ob$6bo! 2062121133
4b2o4b$3b4o3b$2b6o2b$4b2o4b$3b3o4b$2b5o3b$2b3obo3b$3b3obo2b$2o2b3o3b$3bob2o3b$bo4b2obo$5b4ob$5b4ob$6b2o2b$6bo! -797635414
3b2o4b$2b4o3b$2b4o3b$3b2o4b$2b3o4b$b4o4b$b3o2bo2b$ob3obo2b$3b4o2b$o3b2obob$bobob2o2b$4b5o$4b4ob$5b2o! -173741007
4b2o3b$3b4o2b$3b4o2b$2bob2o3b$3b4o2b$2b5o2b$b4o4b$3b3o2bo$3ob3obo$2b2ob2obo$bob2ob2ob$3b6o$5b4o$6b2o! -1572933801
3b2o4b$2b4o3b$b5o3b$bob2obo2b$ob4o3b$b4o4b$b3o2bo2b$2b3o4b$3b3o2bo$b2ob2o3b$2b2ob2obo$3b5ob$4b4ob$5b2o! 1508238858
3b2o5b$2b4o4b$2b5o3b$o2b2obo3b$ob3obo3b$5obo3b$b3o6b$2b3ob2o2b$3b3o4b$4b2ob3o$3bob2o3b$4b5ob$4b4o2b$5b2o! -594017896
4b2o3b$3b4o2b$2b5o2b$4b2o2bo$o2b3o2bo$2b4o3b$2b3o2bob$3b3o3b$4b3o2b$3bob2o2b$4bob2ob$4b5o$5b4o$6b2o! 1724134613
3b2o3b$2b4o2b$2b5ob$o2b2obob$ob4o2b$8o$b3o4b$2b3obob$bob3o2b$2bob2o2b$2bo2b2ob$4b4o$4b4o$5b2o! 77580583
4b2o3b$3b4o2b$2b5o2b$4b2o3b$o2b4o2b$2b4o3b$2b3o4b$bob3o3b$2bob4ob$2bo2b2o2b$6b2ob$4b5o$5b4o$6b2o! 752654359
3b2o3b$2b4o2b$2b4o2b$o2b2obob$ob3o3b$5o3b$4obo2b$ob3o3b$o2b3o2b$4b2obo$2bo2b2ob$4b4o$4b4o$5b2o! -1322787747
4b2o4b$3b4o3b$2b6o2b$4b2o4b$o2b3o4b$ob5o3b$ob3obo3b$o2b3obo2b$4b3o3b$2b2ob2o3b$6b2obo$4b5ob$5b4ob$6b2o! -717913874
5b2o4b$4b4o3b$4b4o3b$2bo2b2o4b$4b3o4b$o2b4o4b$o2b3o2bo2b$4b3obo2b$2bo2b4o2b$6b2obob$4bo2b2o2b$6b5o$6b4ob$7b2o! -580258928
4b2o3b$3b4o2b$2b5o2b$4b2o3b$2ob4o2b$2b5o2b$2b3o4b$2ob3o2bo$2bob3obo$2b2ob2obo$6b2ob$4b5o$5b4o$6b2o! 742168871
3b2o4b$2b4o3b$2b4o3b$o2b2obo2b$2b4o3b$b4o4b$b3o2bo2b$2b3o4b$3b3o2bo$bo2b2o3b$2bo2b2obo$4b4ob$4b4ob$5b2o! -1735727695
3b2o5b$2b4o4b$b6o3b$3b2obo3b$ob3obo3b$b4obo3b$b3o6b$2b3ob2o2b$bob3o4b$2bob2ob3o$bo3b2o3b$3b6ob$4b4o2b$5b2o! -1597526195
3b2o3b$2b4o2b$2b4o2b$o2b2o2bo$2b3o2bo$5o3b$b3o2bob$ob3o3b$bob3o2b$2o2b2o2b$2bo2b2ob$2bob4o$4b4o$5b2o! -792900904
4b2o3b$3b4o2b$2b6ob$4b2obob$2ob4o2b$2b7o$ob3o4b$bob3obob$o3b3o2b$5b2o2b$6b2ob$5b4o$5b4o$6b2o! 177784789
5b2o3b$4b4o2b$4b4o2b$2bo2b2o3b$4b4o2b$2ob4o3b$3b3o4b$2o2b3o3b$2b2ob4ob$6b2o2b$5bob2ob$6b4o$6b4o$7b2o! -120712248
6b2o3b$5b4o2b$4b5o2b$6b2obob$2bo2b3o3b$3b5o3b$o3b3obo2b$5b3o3b$2bo3b3o2b$5bob2obo$6bob2ob$6b5o$7b4o$8b2o! 562435943
5b2o4b$4b4o3b$4b5o2b$2bo2b2o4b$2bob3o4b$2ob5o3b$3b3obo3b$obob3obo2b$3bob3o3b$4bob2o3b$4bo2b2obo$6b4ob$6b4ob$7b2o! -1952532754
6b2o4b$5b4o3b$4b5o3b$6b2o4b$5b3o4b$4b4o4b$2o2b3o2bo2b$2b2ob3obo2b$2b2o2b4o2b$4bo2b2obob$8b2o2b$6b6o$7b4ob$8b2o! -161071732
4b2o3b$3b4o2b$3b4o2b$4b2o3b$3b4o2b$2b5o2b$ob3o4b$3b3o2bo$4b3obo$bobob2obo$3bo2b2ob$5b4o$5b4o$6b2o! 1848899747
3b2o4b$2b4o3b$2b4o3b$bob2obo2b$2b4o3b$b4o4b$4o2bo2b$ob3o4b$bob3o2bo$bo2b2o3b$5b2obo$3b5ob$4b4ob$5b2o! -2108516853
3b2o5b$2b4o4b$b6o3b$bob2obo3b$ob3obo3b$b4obo3b$b3o6b$2b3ob2o2b$o2b3o4b$4b2ob3o$2bo2b2o3b$4b5ob$4b4o2b$5b2o! 1857811923
3b2o3b$2b4o2b$2b4o2b$o2b2o2bo$ob3o2bo$5o3b$b3o2bob$ob3o3b$bob3o2b$b2ob2o2b$5b2ob$3b5o$4b4o$5b2o! 432467349
4b2o3b$3b4o2b$2b6ob$4b2obob$o2b4o2b$2b7o$ob3o4b$bob3obob$bo2b3o2b$2bo2b2o2b$3bo2b2ob$5b4o$5b4o$6b2o! 176388958
5b2o3b$4b4o2b$4b4o2b$2bo2b2o3b$2bob4o2b$2ob4o3b$3b3o4b$bo2b3o3b$5b4ob$2bobob2o2b$3bo3b2ob$5b5o$6b4o$7b2o! -1700522771
4b2o3b$3b4o2b$2b5o2b$4b2obob$3b3o3b$2b4o3b$ob3obo2b$bob3o3b$3ob3o2b$2bo2b2obo$b3o2b2ob$3bob4o$5b4o$6b2o! 993283
5b2o4b$4b4o3b$4b5o2b$5b2o4b$4b3o4b$3b5o3b$3b3obo3b$obob3obo2b$5b3o3b$3bo2b2o3b$7b2obo$6b4ob$6b4ob$7b2o! -1511306800
4b2o4b$3b4o3b$3b4o3b$2bob2o4b$3b3o4b$2b4o4b$5o2bo2b$o2b3obo2b$2o2b4o2b$3bob2obob$4bob2o2b$5b5o$5b4ob$6b2o! 1782942230
5b2o3b$4b4o2b$3b5o2b$3bob2o3b$2bob4o2b$3b5o2b$bob3o4b$o3b3o2bo$bo3b3obo$3b2ob2obo$4bo2b2ob$5b5o$6b4o$7b2o! -1720321010
5b2o4b$4b4o3b$4b4o3b$2bo2b2obo2b$2bob4o3b$bob4o4b$ob4o2bo2b$3ob3o4b$obo2b3o2bo$2bo3b2o3b$7b2obo$4bob4ob$6b4ob$7b2o! 1478544534
6b2o5b$5b4o4b$4b6o3b$6b2obo3b$2bo2b3obo3b$bo2b4obo3b$3b4o6b$obo2b3ob2o2b$6b3o4b$7b2ob3o$4bobob2o3b$6b6ob$7b4o2b$8b2o! 1565641916
6b2o3b$5b4o2b$5b4o2b$3bo2b2o2bo$bobob3o2bo$2bob4o3b$obob3o2bob$bobob3o3b$bo4b3o2b$5bob2o2b$5bo2b2ob$7b4o$7b4o$8b2o! -422353229
6b2o3b$5b4o2b$4b6ob$6b2obob$5b4o2b$o3b7o$4b3o4b$o2bob3obob$4bob3o2b$7b2o2b$8b2ob$6b5o$7b4o$8b2o! 1434348303
7b2o3b$6b4o2b$6b4o2b$7b2o3b$6b4o2b$5b4o3b$3ob4o4b$4bob3o3b$4b2ob4ob$6bob2o2b$9b2ob$8b4o$8b4o$9b2o! 1872055361
6b2o3b$5b4o2b$5b4o2b$4bob2obob$5b3o3b$obob4o3b$2bob3obo2b$o4b3o3b$3bo2b3o2b$4b2ob2obo$6bob2ob$7b4o$7b4o$8b2o! -1897803147
7b2o4b$6b4o3b$5b6o2b$5bob2o4b$2bobob3o4b$2bo2b5o3b$2o3b3obo3b$2b2o2b3obo2b$7b3o3b$4bo3b2o3b$6bo2b2obo$7b5ob$8b4ob$9b2o! 501678308
6b2o4b$5b4o3b$5b4o3b$2b2o2b2o4b$2b2ob3o4b$3b5o4b$3b4o2bo2b$o2bob3obo2b$2b3ob4o2b$4b2ob2obob$4bo3b2o2b$5bob5o$7b4ob$8b2o! 1219342601
5b2o3b$4b4o2b$3b5o2b$5b2o3b$b2ob4o2b$2b6o2b$bob3o4b$obob3o2bo$o2bob3obo$6b2obo$7b2ob$3bob5o$6b4o$7b2o! 401123327
5b2o4b$4b4o3b$4b4o3b$2bo2b2obo2b$4b4o3b$ob5o4b$o2b3o2bo2b$4b3o4b$2b2ob3o2bo$4bob2o3b$4bo2b2obo$4bob4ob$4bob4ob$7b2o! -170520835
4b2o5b$3b4o4b$2b6o3b$4b2obo3b$2ob3obo3b$ob4obo3b$2b3o6b$o2b3ob2o2b$4b3o4b$5b2ob3o$2bo3b2o3b$2bo2b5ob$5b4o2b$4bob2o! -30151462
5b2o3b$4b4o2b$4b4o2b$2bo2b2o2bo$bo2b3o2bo$3b4o3b$2ob3o2bob$2bob3o3b$5b3o2b$4bob2o2b$5bob2ob$6b4o$4b6o$7b2ob$6bo! 2018536117
4b2o3b$3b4o2b$2b6ob$o3b2obob$bob4o2b$ob7o$2b3o4b$2ob3obob$2bob3o2b$3bob2o2b$3bo2b2ob$5b4o$5b4o$6b2ob$6bo! -1735898019
5b2o3b$4b4o2b$2bob4o2b$2bo2b2o3b$2o2b4o2b$3b4o3b$2ob3o4b$4b3o3b$2bo2b4ob$3bo2b2o2b$7b2ob$5b5o$6b4o$7b2o! 1500392145
6b2o3b$5b4o2b$5b4o2b$6b2obob$3bob3o3b$o3b4o3b$3b4obo2b$2bo2b3o3b$4bob3o2b$3bobob2obo$5bo2b2ob$7b4o$7b4o$8b2o! -1572263243
5b2o4b$4b4o3b$4b5o2b$3bob2o4b$4b3o4b$bob5o3b$2ob3obo3b$4b3obo2b$b2o2b3o3b$6b2o3b$7b2obo$5b5ob$6b4ob$7b2o! -838849548
4b2o4b$3b4o3b$2b5o3b$2bob2o4b$bob3o4b$2b4o4b$ob3o2bo2b$3b3obo2b$2bob4o2b$5b2obob$6b2o2b$5b5o$5b4ob$6b2o! 922078219
4b2o3b$3b4o2b$3b4o2b$bo2b2o3b$bob4o2b$ob5o2b$b4o4b$bob3o2bo$4b3obo$3bob2obo$4bob2ob$5b4o$5b4o$6b2o! 1255696188
4b2o4b$3b4o3b$2b5o3b$4b2obo2b$o2b4o3b$ob4o4b$ob3o2bo2b$3b3o4b$2bob3o2bo$3bob2o3b$3bo2b2obo$4b5ob$5b4ob$6b2o! -1802336945
5b2o5b$4b4o4b$4b5o3b$2bo2b2obo3b$4b3obo3b$o2b4obo3b$3b3o6b$2bob3ob2o2b$3bob3o4b$3bo2b2ob3o$7b2o3b$4bob5ob$6b4o2b$7b2o! 1425922420
4b2o3b$3b4o2b$2b5o2b$4b2o2bo$2ob3o2bo$2b4o3b$5o2bob$bob3o3b$bo2b3o2b$5b2o2b$2b3ob2ob$4b5o$5b4o$6b2o! -571293193
5b2o3b$4b4o2b$4b5ob$2bo2b2obob$4b4o2b$o2b7o$3b3o4b$4b3obob$5b3o2b$2b2o2b2o2b$7b2ob$6b4o$6b4o$7b2o! -588717164
4b2o3b$3b4o2b$2b5o2b$4b2o3b$2ob4o2b$2b4o3b$2b3o4b$3b3o3b$2bob4ob$3bob2o2b$4bob2ob$5b4o$5b4o$6b2o! 1005908426
3b2o3b$2b4o2b$2b4o2b$o2b2obob$2b3o3b$b4o3b$b3obo2b$ob3o3b$bob3o2b$bo2b2obo$2bo2b2ob$3b5o$4b4o$5b2o! -1452875626
3b2o4b$2b4o3b$b6o2b$3b2o4b$ob3o4b$b5o3b$4obo3b$ob3obo2b$o2b3o3b$4b2o3b$bo3b2obo$2bob4ob$4b4ob$5b2o! 1273244408
4b2o4b$3b4o3b$3b4o3b$bo2b2o4b$3b3o4b$ob4o4b$2b3o2bo2b$o2b3obo2b$4b4o2b$b3ob2obob$3b2ob2o2b$2bob6o$5b4ob$6b2o! 860371374
5b2o3b$4b4o2b$3b5o2b$5b2o3b$bo2b4o2b$2b6o2b$2ob3o4b$2bob3o2bo$b2o2b3obo$6b2obo$4b2ob2ob$6b4o$4bob4o$7b2o! 1544711293
3b2o4b$2b4o3b$2b4o3b$o2b2obo2b$ob4o3b$b4o4b$b3o2bo2b$2b3o4b$o2b3o2bo$bo2b2o3b$5b2obo$b2ob4ob$3b5ob$3bob2o! -668445380
3b2o5b$2b4o4b$b6o3b$3b2obo3b$2b3obo3b$5obo3b$b3o6b$ob3ob2o2b$bob3o4b$obob2ob3o$2obob2o3b$4b5ob$4b4o2b$5b2o3b$4bo! -1475100033
4b2o3b$3b4o2b$3b4o2b$4b2o2bo$3b3o2bo$2b4o3b$ob3o2bob$bob3o3b$2o2b3o2b$5b2o2b$bobo2b2ob$3b6o$5b4o$4bob2ob$6bo! 132650906
5b2o3b$4b4o2b$4b5ob$3bob2obob$4b4o2b$3b7o$3b3o4b$o3b3obob$2bo2b3o2b$2b3ob2o2b$3bo3b2ob$4bob4o$6b4o$7b2o! -1965637396
4b2o3b$3b4o2b$2b5o2b$2bob2o3b$bob4o2b$2b4o3b$2b3o4b$2ob3o3b$o3b4ob$5b2o2b$6b2ob$2bob5o$5b4o$6b2o! 192130840
4b2o3b$3b4o2b$3b4o2b$bo2b2obob$bob3o3b$b5o3b$2b3obo2b$o2b3o3b$2bob3o2b$5b2obo$3bo2b2ob$3bob4o$3bob4o$6b2o! -1481755068
4b2o4b$3b4o3b$2b6o2b$4b2o4b$o2b3o4b$2b5o3b$ob3obo3b$3b3obo2b$bo2b3o3b$2bo2b2o3b$6b2obo$2bo2b4ob$5b4ob$4bob2o! -1102493499
5b2o4b$4b4o3b$4b4o3b$2bo2b2o4b$2bob3o4b$2ob4o4b$2b4o2bo2b$bo2b3obo2b$3bob4o2b$2bobob2obob$2b4ob2o2b$6b5o$4b6ob$7b2o2b$6bo! -1662079221
4b2o3b$3b4o2b$2b5o2b$4b2o3b$3b4o2b$2b5o2b$2b3o4b$3b3o2bo$2o2b3obo$3bob2obo$bo4b2ob$5b4o$5b4o$6b2ob$6bo! -1493817586
3b2o4b$2b4o3b$2b4o3b$3b2obo2b$2b4o3b$b4o4b$b3o2bo2b$ob3o4b$3b3o2bo$o3b2o3b$bobob2obo$4b4ob$4b4ob$5b2o! 1392343889
4b2o5b$3b4o4b$3b5o3b$2bob2obo3b$3b3obo3b$2b4obo3b$b4o6b$3b3ob2o2b$3ob3o4b$2b2ob2ob3o$bob2ob2o3b$3b7ob$5b4o2b$6b2o! -9770014
3b2o3b$2b4o2b$b5o2b$bob2o2bo$ob3o2bo$b4o3b$b3o2bob$2b3o3b$3b3o2b$b2ob2o2b$2b2ob2ob$3b5o$4b4o$5b2o! 1446897039
3b2o3b$2b4o2b$2b5ob$o2b2obob$ob4o2b$8o$b3o4b$2b3obob$3b3o2b$4b2o2b$3bob2ob$4b4o$4b4o$5b2o! 306639438
4b2o3b$3b4o2b$2b5o2b$4b2o3b$o2b4o2b$2b4o3b$2b3o4b$3b3o3b$4b4ob$3bob2o2b$4bob2ob$4b5o$5b4o$6b2o! -1125707775
3b2o3b$2b4o2b$2b4o2b$o2b2obob$ob3o3b$5o3b$b3obo2b$2b3o3b$bob3o2b$2bob2obo$2bo2b2ob$4b4o$4b4o$5b2o! 408783613
4b2o4b$3b4o3b$2b6o2b$4b2o4b$o2b3o4b$2b5o3b$2b3obo3b$bob3obo2b$2bob3o3b$2bo2b2o3b$6b2obo$4b5ob$5b4ob$6b2o! 63454382
3b2o4b$2b4o3b$2b4o3b$o2b2o4b$ob3o4b$5o4b$4o2bo2b$ob3obo2b$o2b4o2b$4b2obob$2bo2b2o2b$4b5o$4b4ob$5b2o! 675950849
4b2o3b$3b4o2b$2b5o2b$4b2o3b$o2b4o2b$ob5o2b$ob3o4b$o2b3o2bo$4b3obo$2b2ob2obo$6b2ob$4b5o$5b4o$6b2o! -1637199774
5b2o4b$4b4o3b$4b4o3b$2bo2b2obo2b$4b4o3b$o2b4o4b$o2b3o2bo2b$4b3o4b$2bo2b3o2bo$6b2o3b$4bo2b2obo$6b4ob$6b4ob$7b2o! -630244428
4b2o5b$3b4o4b$2b6o3b$4b2obo3b$2ob3obo3b$2b4obo3b$2b3o6b$2ob3ob2o2b$2bob3o4b$2b2ob2ob3o$6b2o3b$4b6ob$5b4o2b$6b2o! -1826524662
3b2o3b$2b4o2b$2b4o2b$o2b2o2bo$2b3o2bo$b4o3b$b3o2bob$2b3o3b$3b3o2b$bo2b2o2b$2bo2b2ob$4b4o$4b4o$5b2o! -1455616280
3b2o3b$2b4o2b$b6ob$3b2obob$ob4o2b$b7o$b3o4b$2b3obob$bob3o2b$2bob2o2b$bo3b2ob$3b5o$4b4o$5b2o! 1923543287
3b2o3b$2b4o2b$2b4o2b$o2b2o3b$2b4o2b$5o3b$b3o4b$ob3o3b$bob4ob$2o2b2o2b$2bo2b2ob$2bob4o$4b4o$5b2o! 927935829
4b2o3b$3b4o2b$2b5o2b$4b2obob$2ob3o3b$2b4o3b$ob3obo2b$bob3o3b$o3b3o2b$5b2obo$6b2ob$5b4o$5b4o$6b2o! -698554043
5b2o4b$4b4o3b$4b5o2b$2bo2b2o4b$4b3o4b$2ob5o3b$3b3obo3b$2o2b3obo2b$2b2ob3o3b$6b2o3b$5bob2obo$6b4ob$6b4ob$7b2o! 836377394
6b2o4b$5b4o3b$4b5o3b$6b2o4b$2bo2b3o4b$3b5o4b$o3b3o2bo2b$5b3obo2b$2bo3b4o2b$5bob2obob$6bob2o2b$6b6o$7b4ob$8b2o! -1700562387
5b2o3b$4b4o2b$4b4o2b$2bo2b2o3b$2bob4o2b$2ob5o2b$3b3o4b$obob3o2bo$3bob3obo$4bob2obo$4bo2b2ob$6b4o$6b4o$7b2o! -1921356064
6b2o4b$5b4o3b$4b5o3b$6b2obo2b$5b4o3b$4b4o4b$2o2b3o2bo2b$2b2ob3o4b$2b2o2b3o2bo$4bo2b2o3b$8b2obo$6b5ob$7b4ob$8b2o! 17931182
4b2o5b$3b4o4b$3b5o3b$4b2obo3b$3b3obo3b$2b4obo3b$ob3o6b$3b3ob2o2b$4b3o4b$bobob2ob3o$3bo2b2o3b$5b5ob$5b4o2b$6b2o! 690706458
3b2o3b$2b4o2b$2b4o2b$bob2o2bo$2b3o2bo$b4o3b$4o2bob$ob3o3b$bob3o2b$bo2b2o2b$5b2ob$3b5o$4b4o$5b2o! -1447578336
3b2o3b$2b4o2b$b6ob$bob2obob$ob4o2b$b7o$b3o4b$2b3obob$o2b3o2b$4b2o2b$2bo2b2ob$4b4o$4b4o$5b2o! -103185669
3b2o3b$2b4o2b$2b4o2b$o2b2o3b$ob4o2b$5o3b$b3o4b$ob3o3b$bob4ob$b2ob2o2b$5b2ob$3b5o$4b4o$5b2o! -598017664
4b2o3b$3b4o2b$2b5o2b$4b2obob$o2b3o3b$2b4o3b$ob3obo2b$bob3o3b$bo2b3o2b$2bo2b2obo$3bo2b2ob$5b4o$5b4o$6b2o! 30255260
5b2o4b$4b4o3b$4b5o2b$2bo2b2o4b$2bob3o4b$2ob5o3b$3b3obo3b$bo2b3obo2b$5b3o3b$2bobob2o3b$3bo3b2obo$5b5ob$6b4ob$7b2o! 90399093
4b2o4b$3b4o3b$2b5o3b$4b2o4b$3b3o4b$2b4o4b$ob3o2bo2b$bob3obo2b$3ob4o2b$2bo2b2obob$b3o2b2o2b$3bob5o$5b4ob$6b2o! -1835720069
5b2o3b$4b4o2b$4b4o2b$5b2o3b$4b4o2b$3b5o2b$3b3o4b$obob3o2bo$5b3obo$3bo2b2obo$7b2ob$6b4o$6b4o$7b2o! 40192108
4b2o4b$3b4o3b$3b4o3b$2bob2obo2b$3b4o3b$2b4o4b$5o2bo2b$o2b3o4b$2o2b3o2bo$3bob2o3b$4bob2obo$5b4ob$5b4ob$6b2o! -918719830
5b2o5b$4b4o4b$3b6o3b$3bob2obo3b$2bob3obo3b$3b4obo3b$bob3o6b$o3b3ob2o2b$bo3b3o4b$3b2ob2ob3o$4bo2b2o3b$5b6ob$6b4o2b$7b2o! 1525524650
5b2o3b$4b4o2b$4b4o2b$2bo2b2o2bo$2bob3o2bo$bob4o3b$ob4o2bob$3ob3o3b$obo2b3o2b$2bo3b2o2b$7b2ob$4bob4o$6b4o$7b2o! 1835120499
6b2o3b$5b4o2b$4b6ob$6b2obob$2bo2b4o2b$bo2b7o$3b4o4b$obo2b3obob$6b3o2b$7b2o2b$4bobob2ob$6b5o$7b4o$8b2o! 1420692485
6b2o3b$5b4o2b$5b4o2b$3bo2b2o3b$bobob4o2b$2bob4o3b$obob3o4b$bobob3o3b$bo4b4ob$5bob2o2b$5bo2b2ob$7b4o$7b4o$8b2o! 184222945
6b2o3b$5b4o2b$4b5o2b$6b2obob$5b3o3b$o3b4o3b$4b3obo2b$o2bob3o3b$4bob3o2b$7b2obo$8b2ob$6b5o$7b4o$8b2o! -1441237025
7b2o4b$6b4o3b$6b5o2b$7b2o4b$6b3o4b$5b5o3b$3ob4obo3b$4bob3obo2b$4b2ob3o3b$6bob2o3b$9b2obo$8b4ob$8b4ob$9b2o! -2077468193
6b2o4b$5b4o3b$5b4o3b$4bob2o4b$5b3o4b$obob4o4b$2bob3o2bo2b$o4b3obo2b$3bo2b4o2b$4b2ob2obob$6bob2o2b$7b5o$7b4ob$8b2o! 141865511
7b2o3b$6b4o2b$5b5o2b$5bob2o3b$2bobob4o2b$2bo2b5o2b$2o3b3o4b$2b2o2b3o2bo$7b3obo$4bo3b2obo$6bo2b2ob$7b5o$8b4o$9b2o! -483968920
6b2o4b$5b4o3b$5b4o3b$2b2o2b2obo2b$2b2ob4o3b$3b5o4b$3b4o2bo2b$o2bob3o4b$2b3ob3o2bo$4b2ob2o3b$4bo3b2obo$5bob4ob$7b4ob$8b2o! 323432873
5b2o5b$4b4o4b$3b6o3b$5b2obo3b$b2ob3obo3b$2b5obo3b$bob3o6b$obob3ob2o2b$o2bob3o4b$6b2ob3o$7b2o3b$3bob6ob$6b4o2b$7b2o! 1325671545
5b2o3b$4b4o2b$4b4o2b$2bo2b2o2bo$4b3o2bo$ob5o3b$o2b3o2bob$4b3o3b$2b2ob3o2b$4bob2o2b$4bo2b2ob$4bob4o$4bob4o$7b2o! -1717199116
4b2o3b$3b4o2b$2b6ob$4b2obob$2ob4o2b$ob7o$2b3o4b$o2b3obob$4b3o2b$5b2o2b$2bo3b2ob$2bo2b4o$5b4o$4bob2o! 603339611
5b2o3b$4b4o2b$4b4o2b$2bo2b2o3b$bo2b4o2b$3b4o3b$2ob3o4b$2bob3o3b$5b4ob$4bob2o2b$5bob2ob$6b4o$4b6o$7b2ob$6bo! 1352816072
4b2o3b$3b4o2b$2b5o2b$o3b2obob$bob3o3b$ob4o3b$2b3obo2b$2ob3o3b$2bob3o2b$3bob2obo$3bo2b2ob$5b4o$5b4o$6b2ob$6bo! -2049592145
5b2o4b$4b4o3b$2bob5o2b$2bo2b2o4b$2o2b3o4b$3b5o3b$2ob3obo3b$4b3obo2b$2bo2b3o3b$3bo2b2o3b$7b2obo$5b5ob$6b4ob$7b2o! 557456839
6b2o4b$5b4o3b$5b4o3b$6b2o4b$3bob3o4b$o3b4o4b$3b4o2bo2b$2bo2b3obo2b$4bob4o2b$3bobob2obob$5bo2b2o2b$7b5o$7b4ob$8b2o! -1888353147
5b2o3b$4b4o2b$4b4o2b$3bob2o3b$4b4o2b$bob5o2b$2ob3o4b$4b3o2bo$b2o2b3obo$6b2obo$7b2ob$5b5o$6b4o$7b2o! -1081463528
4b2o4b$3b4o3b$2b5o3b$2bob2obo2b$bob4o3b$2b4o4b$ob3o2bo2b$3b3o4b$2bob3o2bo$5b2o3b$6b2obo$5b4ob$5b4ob$6b2o! -61869063
4b2o5b$3b4o4b$3b5o3b$bo2b2obo3b$bob3obo3b$ob4obo3b$b4o6b$bob3ob2o2b$4b3o4b$3bob2ob3o$4bob2o3b$5b5ob$5b4o2b$6b2o! -979400549
4b2o3b$3b4o2b$2b5o2b$4b2o2bo$o2b3o2bo$ob4o3b$ob3o2bob$3b3o3b$2bob3o2b$3bob2o2b$3bo2b2ob$4b5o$5b4o$6b2o! -584978794
5b2o3b$4b4o2b$4b5ob$2bo2b2obob$4b4o2b$o2b7o$3b3o4b$2bob3obob$3bob3o2b$3bo2b2o2b$7b2ob$4bob4o$6b4o$7b2o! 13989728
4b2o3b$3b4o2b$2b5o2b$4b2o3b$2ob4o2b$2b4o3b$5o4b$bob3o3b$bo2b4ob$5b2o2b$2b3ob2ob$4b5o$5b4o$6b2o! -1981889135
5b2o3b$4b4o2b$4b4o2b$2bo2b2obob$4b3o3b$o2b4o3b$3b3obo2b$4b3o3b$5b3o2b$2b2o2b2obo$7b2ob$6b4o$6b4o$7b2o! -1962513876
4b2o4b$3b4o3b$2b6o2b$4b2o4b$2ob3o4b$2b5o3b$2b3obo3b$3b3obo2b$2bob3o3b$3bob2o3b$4bob2obo$5b4ob$5b4ob$6b2o! -14610307
3b2o4b$2b4o3b$2b4o3b$o2b2o4b$2b3o4b$b4o4b$b3o2bo2b$ob3obo2b$bob4o2b$bo2b2obob$2bo2b2o2b$3b6o$4b4ob$5b2o! -1711021114
3b2o3b$2b4o2b$b5o2b$3b2o3b$ob4o2b$b5o2b$4o4b$ob3o2bo$o2b3obo$4b2obo$bo3b2ob$2bob4o$4b4o$5b2o! -396558228
4b2o4b$3b4o3b$3b4o3b$bo2b2obo2b$3b4o3b$ob4o4b$2b3o2bo2b$o2b3o4b$4b3o2bo$b3ob2o3b$3b2ob2obo$2bob5ob$5b4ob$6b2o! 1475476980
5b2o5b$4b4o4b$3b6o3b$5b2obo3b$bo2b3obo3b$2b5obo3b$2ob3o6b$2bob3ob2o2b$b2o2b3o4b$6b2ob3o$4b2ob2o3b$6b5ob$4bob4o2b$7b2o! 1220880795
3b2o3b$2b4o2b$2b4o2b$o2b2o2bo$ob3o2bo$b4o3b$b3o2bob$2b3o3b$o2b3o2b$bo2b2o2b$5b2ob$b2ob4o$3b5o$3bob2o! -1867828557
3b2o3b$2b4o2b$b6ob$3b2obob$2b4o2b$8o$b3o4b$ob3obob$bob3o2b$obob2o2b$2obob2ob$4b4o$4b4o$5b2ob$4bo! -1747801389
4b2o3b$3b4o2b$3b4o2b$4b2o3b$3b4o2b$2b4o3b$ob3o4b$bob3o3b$2o2b4ob$5b2o2b$bobo2b2ob$3b6o$5b4o$4bob2ob$6bo! -1671778156
5b2o3b$4b4o2b$4b4o2b$3bob2obob$4b3o3b$3b4o3b$3b3obo2b$o3b3o3b$2bo2b3o2b$2b3ob2obo$3bo3b2ob$4bob4o$6b4o$7b2o! 777084364
4b2o4b$3b4o3b$2b6o2b$2bob2o4b$bob3o4b$2b5o3b$2b3obo3b$2ob3obo2b$o3b3o3b$5b2o3b$6b2obo$2bob5ob$5b4ob$6b2o! -327461327
4b2o4b$3b4o3b$3b4o3b$bo2b2o4b$bob3o4b$b5o4b$2b3o2bo2b$o2b3obo2b$2bob4o2b$5b2obob$3bo2b2o2b$3bob5o$3bob4ob$6b2o! 1174597848
4b2o3b$3b4o2b$2b5o2b$4b2o3b$o2b4o2b$2b5o2b$ob3o4b$3b3o2bo$bo2b3obo$2bo2b2obo$6b2ob$2bo2b4o$5b4o$4bob2o! -186567755
5b2o4b$4b4o3b$4b4o3b$2bo2b2obo2b$2bob4o3b$2ob4o4b$2b4o2bo2b$bo2b3o4b$3bob3o2bo$2bobob2o3b$2b4ob2obo$6b4ob$4b6ob$7b2o2b$6bo! 212305609
4b2o5b$3b4o4b$2b6o3b$4b2obo3b$3b3obo3b$2b4obo3b$2b3o6b$3b3ob2o2b$2o2b3o4b$3bob2ob3o$bo4b2o3b$5b5ob$5b4o2b$6b2o3b$6bo! 2110002439
3b2o3b$2b4o2b$2b4o2b$3b2o2bo$2b3o2bo$b4o3b$b3o2bob$ob3o3b$3b3o2b$o3b2o2b$bobob2ob$4b4o$4b4o$5b2o! -455441270
4b2o3b$3b4o2b$3b5ob$2bob2obob$3b4o2b$2b7o$b4o4b$3b3obob$3ob3o2b$2b2ob2o2b$bob2ob2ob$3b6o$5b4o$6b2o! 1875292387
3b2o3b$2b4o2b$b5o2b$bob2o3b$ob4o2b$b4o3b$b3o4b$2b3o3b$3b4ob$b2ob2o2b$2b2ob2ob$3b5o$4b4o$5b2o! 1476623270
3b2o3b$2b4o2b$2b4o2b$o2b2obob$ob3o3b$5o3b$b3obo2b$2b3o3b$3b3o2b$4b2obo$3bob2ob$4b4o$4b4o$5b2o! -410077404
4b2o4b$3b4o3b$2b6o2b$4b2o4b$o2b3o4b$2b5o3b$2b3obo3b$3b3obo2b$4b3o3b$3bob2o3b$4bob2obo$4b5ob$5b4ob$6b2o! 959124806
3b2o4b$2b4o3b$2b4o3b$o2b2o4b$ob3o4b$5o4b$b3o2bo2b$2b3obo2b$bob4o2b$2bob2obob$2bo2b2o2b$4b5o$4b4ob$5b2o! 90850333
4b2o3b$3b4o2b$2b5o2b$4b2o3b$o2b4o2b$2b5o2b$2b3o4b$bob3o2bo$2bob3obo$2bo2b2obo$6b2ob$4b5o$5b4o$6b2o! 1195589612
3b2o4b$2b4o3b$2b4o3b$o2b2obo2b$ob4o3b$5o4b$4o2bo2b$ob3o4b$o2b3o2bo$4b2o3b$2bo2b2obo$4b4ob$4b4ob$5b2o! 780698803
4b2o5b$3b4o4b$2b6o3b$4b2obo3b$o2b3obo3b$ob4obo3b$ob3o6b$o2b3ob2o2b$4b3o4b$2b2ob2ob3o$6b2o3b$4b6ob$5b4o2b$6b2o! 2034313153
5b2o3b$4b4o2b$4b4o2b$2bo2b2o2bo$4b3o2bo$o2b4o3b$o2b3o2bob$4b3o3b$2bo2b3o2b$6b2o2b$4bo2b2ob$6b4o$6b4o$7b2o! 619710137
4b2o3b$3b4o2b$2b6ob$4b2obob$2ob4o2b$2b7o$2b3o4b$2ob3obob$2bob3o2b$2b2ob2o2b$6b2ob$4b5o$5b4o$6b2o! 1327722959
3b2o3b$2b4o2b$2b4o2b$o2b2o3b$2b4o2b$b4o3b$b3o4b$2b3o3b$3b4ob$bo2b2o2b$2bo2b2ob$4b4o$4b4o$5b2o! -1205559085
3b2o3b$2b4o2b$b5o2b$3b2obob$ob3o3b$b4o3b$b3obo2b$2b3o3b$bob3o2b$2bob2obo$bo3b2ob$3b5o$4b4o$5b2o! 572592465
3b2o4b$2b4o3b$2b5o2b$o2b2o4b$2b3o4b$6o3b$b3obo3b$ob3obo2b$bob3o3b$2o2b2o3b$2bo2b2obo$2bob4ob$4b4ob$5b2o! 1952543831
4b2o4b$3b4o3b$2b5o3b$4b2o4b$2ob3o4b$2b4o4b$ob3o2bo2b$bob3obo2b$o3b4o2b$5b2obob$6b2o2b$5b5o$5b4ob$6b2o! 958955225
5b2o3b$4b4o2b$4b4o2b$2bo2b2o3b$4b4o2b$2ob5o2b$3b3o4b$2o2b3o2bo$2b2ob3obo$6b2obo$5bob2ob$6b4o$6b4o$7b2o! 60545958
6b2o4b$5b4o3b$4b5o3b$6b2obo2b$2bo2b4o3b$3b5o4b$o3b3o2bo2b$5b3o4b$2bo3b3o2bo$5bob2o3b$6bob2obo$6b5ob$7b4ob$8b2o! 1208800693
5b2o5b$4b4o4b$4b5o3b$2bo2b2obo3b$2bob3obo3b$2ob4obo3b$3b3o6b$obob3ob2o2b$3bob3o4b$4bob2ob3o$4bo2b2o3b$6b5ob$6b4o2b$7b2o! -1755845832
6b2o3b$5b4o2b$4b5o2b$6b2o2bo$5b3o2bo$4b4o3b$2o2b3o2bob$2b2ob3o3b$2b2o2b3o2b$4bo2b2o2b$8b2ob$6b5o$7b4o$8b2o! -1249149201
4b2o3b$3b4o2b$3b5ob$4b2obob$3b4o2b$2b7o$ob3o4b$3b3obob$4b3o2b$bobob2o2b$3bo2b2ob$5b4o$5b4o$6b2o! -355122589
3b2o3b$2b4o2b$2b4o2b$bob2o3b$2b4o2b$b4o3b$4o4b$ob3o3b$bob4ob$bo2b2o2b$5b2ob$3b5o$4b4o$5b2o! 1473099883
b3ob$4bo$o3bo$bo2bo$2bo! 474400187
2bo3b$2b2o2b$b2obob$o2b3o$bobo2b$2bo! -770273628
2b2o2b$6b$bo3bo$o4bo$bobo2b$2bo! -627600436
2bo2b$bo3b$3obo$b3ob$2bo! -1535751864
2bo2b$o2bob$o3bo$o4b$b3o! 51101691
3bo2b$2bobob$3o2bo$bob2ob$2b2o2b$3bo! -128061862
3bo2b$2bobob$o4bo$o3bob$6b$2b2o! -174704494
2bo2b$b3ob$ob3o$3bob$2bo! -1968494068
]]></system-out>
  <system-err><![CDATA[]]></system-err>
</testsuite>
