<?xml version="1.0" encoding="UTF-8"?>
<testsuite name="application.model.rules.ruleloader.RuleLoaderTest" tests="1" skipped="0" failures="0" errors="0" timestamp="2021-05-31T01:45:10" hostname="LAPTOP-6TGQS808" time="4.609">
  <properties/>
  <testcase name="testSimulation()" classname="application.model.rules.ruleloader.RuleLoaderTest" time="4.609"/>
  <system-out><![CDATA[]]></system-out>
  <system-err><![CDATA[May 31, 2021 9:45:12 AM application.model.rules.ruleloader.RuleLoader fromRulestring
WARNING: Unknown directive @NAMES found
May 31, 2021 9:45:12 AM application.model.rules.ruleloader.RuleLoader fromRulestring
WARNING: Unknown directive @ICONS found
]]></system-err>
</testsuite>
