<?xml version="1.0" encoding="UTF-8"?>
<testsuite name="application.model.rules.rules.INTTest" tests="4" skipped="0" failures="0" errors="0" timestamp="2021-05-31T01:45:22" hostname="LAPTOP-6TGQS808" time="4.656">
  <properties/>
  <testcase name="testSimulation()" classname="application.model.rules.rules.INTTest" time="0.664"/>
  <testcase name="testRuleRange()" classname="application.model.rules.rules.INTTest" time="2.979"/>
  <testcase name="testClone()" classname="application.model.rules.rules.INTTest" time="0.161"/>
  <testcase name="testCanonise()" classname="application.model.rules.rules.INTTest" time="0.85"/>
  <system-out><![CDATA[]]></system-out>
  <system-err><![CDATA[]]></system-err>
</testsuite>
