<?xml version="1.0" encoding="UTF-8"?>
<testsuite name="application.model.rules.rules.DeficientINTTest" tests="3" skipped="0" failures="0" errors="0" timestamp="2021-05-29T14:11:38" hostname="LAPTOP-6TGQS808" time="1.893">
  <properties/>
  <testcase name="testSimulation()" classname="application.model.rules.rules.DeficientINTTest" time="1.129"/>
  <testcase name="testClone()" classname="application.model.rules.rules.DeficientINTTest" time="0.285"/>
  <testcase name="testCanonise()" classname="application.model.rules.rules.DeficientINTTest" time="0.477"/>
  <system-out><![CDATA[]]></system-out>
  <system-err><![CDATA[]]></system-err>
</testsuite>
