<?xml version="1.0" encoding="UTF-8"?>
<testsuite name="application.model.rules.rules.INTGenerationsTest" tests="4" skipped="0" failures="0" errors="0" timestamp="2021-05-29T14:11:40" hostname="LAPTOP-6TGQS808" time="5.7">
  <properties/>
  <testcase name="testSimulation()" classname="application.model.rules.rules.INTGenerationsTest" time="1.374"/>
  <testcase name="testRuleRange()" classname="application.model.rules.rules.INTGenerationsTest" time="3.164"/>
  <testcase name="testClone()" classname="application.model.rules.rules.INTGenerationsTest" time="0.217"/>
  <testcase name="testCanonise()" classname="application.model.rules.rules.INTGenerationsTest" time="0.941"/>
  <system-out><![CDATA[7.2A3.$4.2A2.A3.$4.2A2.A.A.$3.A2.2A.2BA$.2A.AB2.3B.$.2A.B.2A.B2.$3.A.A2.AB2.$A2.A.A2.3A.$3A.B.2A2.A.$3.4BA2.B.$2.A2B2.2AB2.$3.A! -1458599254
7.2A3.$4.3A.A3.$3.A2B2.2AB.$2.2A2.2A3.B$.AB.B7.$.AB2.3A4.$.A.A.A2.A3.$A2.A.A2.ABA.$3A3.2A2.A.$2.A4.B4.$2.B4.2A3.$3.B! 748509582
5.4A2.$4.3A.B2.$2.2A4.2A.$2.2A2.B2A2.$.A3.A5.$2A2.4A3.$2A.B.A2.2A.$A2.A.A2.A.B$AB2A2.2A.AB$2.A3.A.A2.$7.2B! 225274275
7.2A2.$5.A2BAB.$4.2A2B2.A$3.AB.2A.2A$2.AB2A2.3A$.2A.A.A2.A.$.2BA.A2B2A.$A2BA2.B2.2A$2A2.A.A2.B.$.B.5AB.A$2.3A2.A.A! -1777143810
3.A2.$2.ABA.$2A.2BA$2A3.A$2A.2BA$2.ABA.$3.A! 1881843382
4.A3.$2.2A.A2.$.ABA2.A.$A2BA.3A$.ABA2.A.$2.2A.A2.$4.A! -377456022
3.2A3.$2.2A.A2.$.A.A2.BA$A2.A.ABA$.A.A2.BA$2.2A.A2.$3.2A! -2083362844
2.3A4.$2.2B.B3.$.A.A3.B.$2A.A.B.2A$.A.A3.B.$2.2B.B3.$2.3A! 982666895
3.A5.$2.BAB4.$4.A4.$2A.B5.$2A.2A2.2B$2A.B5.$4.A4.$2.BAB4.$3.A! 583448659
4.B.$4.A.$5.B$.3A.A$A2B.2B$.3A.A$5.B$4.A.$4.B! -635770691
4.B.$2.3A.$.2AB.B$A5.$.2AB.B$2.3A.$4.B! -1615212552
3.A.$.3AB$.2A2.$A4.$.2A2.$.3AB$3.A! -528599226
3.A$.ABA$A2BA$A3.$A2BA$.ABA$3.A! 1345831554
3.AB.$2.B.2A$.A2.B.$3A3.$.A2.B.$2.B.2A$3.AB! -1103066711
3.B2.$4.AB$3A3.$ABA3.$3A3.$4.AB$3.B! 539398558
2.A2.B$.AB2A.$AB.BA.$.AB2A.$2.A2.B! -1769871552
2.2A2.$.A.2A.$A3.BA$.A.2A.$2.2A! -1495104505
2.3A.$.A.2A.$2A3.A$.A.2A.$2.3A! 1618787907
A4.$A4.$A4.$A4.$3.A.$2.B2.$.2B.A$.2B2.$3.A! 728454227
B4.$B4.$B4.$B4.$3.B.$2.BA.$.2BAB$.2BA.$3.B! -385947125
A4.$A4.$A4.$A4.$3.A.$3.A.$.4A$.A.A.$3.A! 2067939845
A.A3.$6.$6.$A.A3.$3.A.A$2.2A2.$.A.B2.$.A.A2.$5.A! -1185186833
B.B3.$6.$6.$B.B3.$2.AB.B$2.ABA.$.BAB2.$.BAB2.$5.B! 1907629543
A.A3.$6.$6.$A.A3.$2.2A.A$2.3A.$.3A2.$2.A3.$5.A! 1303552633
A4.$A4.$A4.$A4.$3.A.$2.B2.$.2B.A$.2B2.$3.A! 728454227
B4.$B4.$B4.$B4.$3.B.$2.BA.$.2BAB$.2BA.$3.B! -385947125
A4.$A4.$A4.$A4.$3.A.$3.A.$.4A$.A.A.$3.A! 2067939845
A.A3.$6.$6.$A.A3.$3.A.A$2.2A2.$.A.B2.$.A.A2.$5.A! -1185186833
B.B3.$6.$6.$B.B3.$2.AB.B$2.ABA.$.BAB2.$.BAB2.$5.B! 1907629543
A.A3.$6.$6.$A.A3.$2.2A.A$2.3A.$.3A2.$2.A3.$5.A! 1303552633
]]></system-out>
  <system-err><![CDATA[]]></system-err>
</testsuite>
