<?xml version="1.0" encoding="UTF-8"?>
<testsuite name="application.model.rules.hrot.MultistateCyclicHROTTest" tests="1" skipped="0" failures="0" errors="0" timestamp="2021-05-29T14:11:32" hostname="LAPTOP-6TGQS808" time="0.057">
  <properties/>
  <testcase name="testSimulation()" classname="application.model.rules.hrot.MultistateCyclicHROTTest" time="0.057"/>
  <system-out><![CDATA[B3060/M/S2030ll-0/C3
B002021/M/M/S000011300030003120012201210021102111/C4
]]></system-out>
  <system-err><![CDATA[]]></system-err>
</testsuite>
