<?xml version="1.0" encoding="UTF-8"?>
<testsuite name="application.model.rules.hrot.HROTTest" tests="8" skipped="0" failures="0" errors="0" timestamp="2021-05-31T01:45:26" hostname="LAPTOP-6TGQS808" time="7.407">
  <properties/>
  <testcase name="testSimulation()" classname="application.model.rules.hrot.HROTTest" time="0.71"/>
  <testcase name="testRuleRange()" classname="application.model.rules.hrot.HROTTest" time="0.07"/>
  <testcase name="testClone()" classname="application.model.rules.hrot.HROTTest" time="0.002"/>
  <testcase name="testGenerateComments()" classname="application.model.rules.hrot.HROTTest" time="0.099"/>
  <testcase name="testCanonise()" classname="application.model.rules.hrot.HROTTest" time="0.003"/>
  <testcase name="testFromRulestring()" classname="application.model.rules.hrot.HROTTest" time="0.004"/>
  <testcase name="testGenerateApgtable()" classname="application.model.rules.hrot.HROTTest" time="6.509"/>
  <testcase name="testLoadComments()" classname="application.model.rules.hrot.HROTTest" time="0.003"/>
  <system-out><![CDATA[]]></system-out>
  <system-err><![CDATA[May 31, 2021 9:45:33 AM application.model.rules.ruleloader.ruletree.RuleTreeGen getRuleTree
INFO: Rule tree generation took 5639 ms
]]></system-err>
</testsuite>
