<?xml version="1.0" encoding="UTF-8"?>
<testsuite name="application.model.rules.ruleloader.RuleLoaderTest" tests="1" skipped="0" failures="0" errors="0" timestamp="2021-05-28T13:30:39" hostname="LAPTOP-6TGQS808" time="4.804">
  <properties/>
  <testcase name="testSimulation()" classname="application.model.rules.ruleloader.RuleLoaderTest" time="4.804"/>
  <system-out><![CDATA[]]></system-out>
  <system-err><![CDATA[May 28, 2021 9:30:41 PM application.model.rules.ruleloader.RuleLoader fromRulestring
WARNING: Unknown directive @NAMES found
May 28, 2021 9:30:41 PM application.model.rules.ruleloader.RuleLoader fromRulestring
WARNING: Unknown directive @ICONS found
]]></system-err>
</testsuite>
