<?xml version="1.0" encoding="UTF-8"?>
<testsuite name="application.model.rules.hrot.HROTBSFKLTest" tests="3" skipped="0" failures="0" errors="0" timestamp="2021-05-31T01:45:06" hostname="LAPTOP-6TGQS808" time="0.176">
  <properties/>
  <testcase name="testSimulation()" classname="application.model.rules.hrot.HROTBSFKLTest" time="0.163"/>
  <testcase name="testClone()" classname="application.model.rules.hrot.HROTBSFKLTest" time="0.007"/>
  <testcase name="testCanonise()" classname="application.model.rules.hrot.HROTBSFKLTest" time="0.004"/>
  <system-out><![CDATA[]]></system-out>
  <system-err><![CDATA[]]></system-err>
</testsuite>
